{"C:\\Users\\cscat\\OneDrive\\Desktop\\Bot-Discord\\frontend\\src\\api\\client.ts": {"path":"C:\\Users\\cscat\\OneDrive\\Desktop\\Bot-Discord\\frontend\\src\\api\\client.ts","statementMap":{"0":{"start":{"line":80,"column":4},"end":{"line":80,"column":null}},"1":{"start":{"line":84,"column":21},"end":{"line":90,"column":null}},"2":{"start":{"line":92,"column":4},"end":{"line":100,"column":null}},"3":{"start":{"line":93,"column":20},"end":{"line":95,"column":null}},"4":{"start":{"line":95,"column":22},"end":{"line":95,"column":49}},"5":{"start":{"line":96,"column":22},"end":{"line":98,"column":null}},"6":{"start":{"line":99,"column":6},"end":{"line":99,"column":null}},"7":{"start":{"line":102,"column":4},"end":{"line":102,"column":null}},"8":{"start":{"line":106,"column":4},"end":{"line":106,"column":null}},"9":{"start":{"line":110,"column":4},"end":{"line":110,"column":null}},"10":{"start":{"line":114,"column":4},"end":{"line":114,"column":null}},"11":{"start":{"line":118,"column":4},"end":{"line":118,"column":null}},"12":{"start":{"line":122,"column":4},"end":{"line":122,"column":null}},"13":{"start":{"line":129,"column":19},"end":{"line":129,"column":null}},"14":{"start":{"line":130,"column":4},"end":{"line":130,"column":null}},"15":{"start":{"line":130,"column":19},"end":{"line":130,"column":null}},"16":{"start":{"line":131,"column":18},"end":{"line":131,"column":null}},"17":{"start":{"line":132,"column":4},"end":{"line":132,"column":null}},"18":{"start":{"line":139,"column":4},"end":{"line":142,"column":null}},"19":{"start":{"line":150,"column":4},"end":{"line":153,"column":null}},"20":{"start":{"line":157,"column":4},"end":{"line":159,"column":null}},"21":{"start":{"line":163,"column":19},"end":{"line":163,"column":null}}},"fnMap":{"0":{"name":"(anonymous_0)","decl":{"start":{"line":79,"column":2},"end":{"line":79,"column":14}},"loc":{"start":{"line":79,"column":42},"end":{"line":81,"column":null}},"line":79},"1":{"name":"(anonymous_1)","decl":{"start":{"line":83,"column":16},"end":{"line":83,"column":25}},"loc":{"start":{"line":83,"column":74},"end":{"line":103,"column":null}},"line":83},"2":{"name":"(anonymous_2)","decl":{"start":{"line":95,"column":15},"end":{"line":95,"column":22}},"loc":{"start":{"line":95,"column":22},"end":{"line":95,"column":49}},"line":95},"3":{"name":"(anonymous_3)","decl":{"start":{"line":105,"column":8},"end":{"line":105,"column":39}},"loc":{"start":{"line":105,"column":39},"end":{"line":107,"column":null}},"line":105},"4":{"name":"(anonymous_4)","decl":{"start":{"line":109,"column":8},"end":{"line":109,"column":32}},"loc":{"start":{"line":109,"column":32},"end":{"line":111,"column":null}},"line":109},"5":{"name":"(anonymous_5)","decl":{"start":{"line":113,"column":8},"end":{"line":113,"column":38}},"loc":{"start":{"line":113,"column":38},"end":{"line":115,"column":null}},"line":113},"6":{"name":"(anonymous_6)","decl":{"start":{"line":117,"column":8},"end":{"line":117,"column":17}},"loc":{"start":{"line":117,"column":50},"end":{"line":119,"column":null}},"line":117},"7":{"name":"(anonymous_7)","decl":{"start":{"line":121,"column":8},"end":{"line":121,"column":25}},"loc":{"start":{"line":121,"column":66},"end":{"line":123,"column":null}},"line":121},"8":{"name":"(anonymous_8)","decl":{"start":{"line":125,"column":8},"end":{"line":125,"column":null}},"loc":{"start":{"line":128,"column":31},"end":{"line":133,"column":null}},"line":128},"9":{"name":"(anonymous_9)","decl":{"start":{"line":135,"column":8},"end":{"line":135,"column":null}},"loc":{"start":{"line":138,"column":29},"end":{"line":143,"column":null}},"line":138},"10":{"name":"(anonymous_10)","decl":{"start":{"line":145,"column":8},"end":{"line":145,"column":null}},"loc":{"start":{"line":149,"column":29},"end":{"line":154,"column":null}},"line":149},"11":{"name":"(anonymous_11)","decl":{"start":{"line":156,"column":8},"end":{"line":156,"column":22}},"loc":{"start":{"line":156,"column":75},"end":{"line":160,"column":null}},"line":156}},"branchMap":{"0":{"loc":{"start":{"line":79,"column":14},"end":{"line":79,"column":42}},"type":"default-arg","locations":[{"start":{"line":79,"column":32},"end":{"line":79,"column":42}}],"line":79},"1":{"loc":{"start":{"line":92,"column":4},"end":{"line":100,"column":null}},"type":"if","locations":[{"start":{"line":92,"column":4},"end":{"line":100,"column":null}},{"start":{},"end":{}}],"line":92},"2":{"loc":{"start":{"line":96,"column":22},"end":{"line":98,"column":null}},"type":"cond-expr","locations":[{"start":{"line":97,"column":10},"end":{"line":97,"column":null}},{"start":{"line":98,"column":10},"end":{"line":98,"column":null}}],"line":96},"3":{"loc":{"start":{"line":98,"column":10},"end":{"line":98,"column":null}},"type":"binary-expr","locations":[{"start":{"line":98,"column":10},"end":{"line":98,"column":25}},{"start":{"line":98,"column":25},"end":{"line":98,"column":null}}],"line":98},"4":{"loc":{"start":{"line":130,"column":4},"end":{"line":130,"column":null}},"type":"if","locations":[{"start":{"line":130,"column":4},"end":{"line":130,"column":null}},{"start":{},"end":{}}],"line":130},"5":{"loc":{"start":{"line":131,"column":18},"end":{"line":131,"column":null}},"type":"cond-expr","locations":[{"start":{"line":131,"column":38},"end":{"line":131,"column":53}},{"start":{"line":131,"column":53},"end":{"line":131,"column":null}}],"line":131}},"s":{"0":4,"1":0,"2":0,"3":0,"4":0,"5":0,"6":0,"7":0,"8":0,"9":0,"10":0,"11":0,"12":0,"13":0,"14":0,"15":0,"16":0,"17":0,"18":0,"19":0,"20":0,"21":4},"f":{"0":4,"1":0,"2":0,"3":0,"4":0,"5":0,"6":0,"7":0,"8":0,"9":0,"10":0,"11":0},"b":{"0":[4],"1":[0,0],"2":[0,0],"3":[0,0],"4":[0,0],"5":[0,0]},"meta":{"lastBranch":6,"lastFunction":12,"lastStatement":22,"seen":{"f:79:2:79:14":0,"b:79:32:79:42":0,"s:80:4:80:Infinity":0,"f:83:16:83:25":1,"s:84:21:90:Infinity":1,"b:92:4:100:Infinity:undefined:undefined:undefined:undefined":1,"s:92:4:100:Infinity":2,"s:93:20:95:Infinity":3,"f:95:15:95:22":2,"s:95:22:95:49":4,"s:96:22:98:Infinity":5,"b:97:10:97:Infinity:98:10:98:Infinity":2,"b:98:10:98:25:98:25:98:Infinity":3,"s:99:6:99:Infinity":6,"s:102:4:102:Infinity":7,"f:105:8:105:39":3,"s:106:4:106:Infinity":8,"f:109:8:109:32":4,"s:110:4:110:Infinity":9,"f:113:8:113:38":5,"s:114:4:114:Infinity":10,"f:117:8:117:17":6,"s:118:4:118:Infinity":11,"f:121:8:121:25":7,"s:122:4:122:Infinity":12,"f:125:8:125:Infinity":8,"s:129:19:129:Infinity":13,"b:130:4:130:Infinity:undefined:undefined:undefined:undefined":4,"s:130:4:130:Infinity":14,"s:130:19:130:Infinity":15,"s:131:18:131:Infinity":16,"b:131:38:131:53:131:53:131:Infinity":5,"s:132:4:132:Infinity":17,"f:135:8:135:Infinity":9,"s:139:4:142:Infinity":18,"f:145:8:145:Infinity":10,"s:150:4:153:Infinity":19,"f:156:8:156:22":11,"s:157:4:159:Infinity":20,"s:163:19:163:Infinity":21}}}
,"C:\\Users\\cscat\\OneDrive\\Desktop\\Bot-Discord\\frontend\\src\\app\\App.tsx": {"path":"C:\\Users\\cscat\\OneDrive\\Desktop\\Bot-Discord\\frontend\\src\\app\\App.tsx","statementMap":{"0":{"start":{"line":23,"column":2},"end":{"line":46,"column":null}},"1":{"start":{"line":50,"column":58},"end":{"line":50,"column":null}},"2":{"start":{"line":59,"column":2},"end":{"line":59,"column":null}},"3":{"start":{"line":69,"column":2},"end":{"line":69,"column":null}},"4":{"start":{"line":70,"column":42},"end":{"line":70,"column":null}},"5":{"start":{"line":72,"column":48},"end":{"line":74,"column":null}},"6":{"start":{"line":75,"column":38},"end":{"line":76,"column":null}},"7":{"start":{"line":77,"column":32},"end":{"line":77,"column":null}},"8":{"start":{"line":78,"column":34},"end":{"line":80,"column":null}},"9":{"start":{"line":81,"column":32},"end":{"line":81,"column":null}},"10":{"start":{"line":82,"column":54},"end":{"line":82,"column":null}},"11":{"start":{"line":84,"column":8},"end":{"line":87,"column":null}},"12":{"start":{"line":85,"column":4},"end":{"line":85,"column":null}},"13":{"start":{"line":86,"column":4},"end":{"line":86,"column":null}},"14":{"start":{"line":89,"column":8},"end":{"line":94,"column":null}},"15":{"start":{"line":90,"column":4},"end":{"line":93,"column":null}},"16":{"start":{"line":91,"column":6},"end":{"line":91,"column":null}},"17":{"start":{"line":92,"column":6},"end":{"line":92,"column":null}},"18":{"start":{"line":96,"column":2},"end":{"line":102,"column":null}},"19":{"start":{"line":104,"column":43},"end":{"line":104,"column":null}},"20":{"start":{"line":106,"column":2},"end":{"line":118,"column":null}},"21":{"start":{"line":107,"column":4},"end":{"line":117,"column":null}},"22":{"start":{"line":108,"column":6},"end":{"line":113,"column":null}},"23":{"start":{"line":114,"column":6},"end":{"line":114,"column":null}},"24":{"start":{"line":116,"column":6},"end":{"line":116,"column":null}},"25":{"start":{"line":120,"column":30},"end":{"line":126,"column":null}},"26":{"start":{"line":121,"column":4},"end":{"line":121,"column":null}},"27":{"start":{"line":123,"column":4},"end":{"line":123,"column":null}},"28":{"start":{"line":124,"column":4},"end":{"line":124,"column":null}},"29":{"start":{"line":125,"column":4},"end":{"line":125,"column":null}},"30":{"start":{"line":128,"column":25},"end":{"line":135,"column":null}},"31":{"start":{"line":129,"column":4},"end":{"line":132,"column":null}},"32":{"start":{"line":133,"column":4},"end":{"line":133,"column":null}},"33":{"start":{"line":134,"column":4},"end":{"line":134,"column":null}},"34":{"start":{"line":137,"column":30},"end":{"line":162,"column":null}},"35":{"start":{"line":138,"column":4},"end":{"line":138,"column":null}},"36":{"start":{"line":138,"column":28},"end":{"line":138,"column":null}},"37":{"start":{"line":139,"column":22},"end":{"line":139,"column":null}},"38":{"start":{"line":140,"column":4},"end":{"line":140,"column":null}},"39":{"start":{"line":140,"column":20},"end":{"line":140,"column":null}},"40":{"start":{"line":142,"column":4},"end":{"line":161,"column":null}},"41":{"start":{"line":143,"column":6},"end":{"line":143,"column":null}},"42":{"start":{"line":145,"column":6},"end":{"line":152,"column":null}},"43":{"start":{"line":146,"column":8},"end":{"line":146,"column":null}},"44":{"start":{"line":147,"column":8},"end":{"line":147,"column":null}},"45":{"start":{"line":148,"column":8},"end":{"line":151,"column":null}},"46":{"start":{"line":154,"column":6},"end":{"line":154,"column":null}},"47":{"start":{"line":156,"column":6},"end":{"line":156,"column":null}},"48":{"start":{"line":157,"column":6},"end":{"line":157,"column":null}},"49":{"start":{"line":158,"column":6},"end":{"line":160,"column":null}},"50":{"start":{"line":164,"column":31},"end":{"line":166,"column":null}},"51":{"start":{"line":165,"column":4},"end":{"line":165,"column":null}},"52":{"start":{"line":168,"column":33},"end":{"line":182,"column":null}},"53":{"start":{"line":172,"column":4},"end":{"line":181,"column":null}},"54":{"start":{"line":173,"column":6},"end":{"line":173,"column":null}},"55":{"start":{"line":175,"column":6},"end":{"line":175,"column":null}},"56":{"start":{"line":177,"column":6},"end":{"line":177,"column":null}},"57":{"start":{"line":179,"column":6},"end":{"line":179,"column":null}},"58":{"start":{"line":180,"column":6},"end":{"line":180,"column":null}},"59":{"start":{"line":184,"column":30},"end":{"line":186,"column":null}},"60":{"start":{"line":185,"column":4},"end":{"line":185,"column":null}},"61":{"start":{"line":188,"column":8},"end":{"line":313,"column":null}},"62":{"start":{"line":189,"column":4},"end":{"line":189,"column":null}},"63":{"start":{"line":189,"column":28},"end":{"line":189,"column":null}},"64":{"start":{"line":191,"column":4},"end":{"line":191,"column":null}},"65":{"start":{"line":192,"column":4},"end":{"line":192,"column":null}},"66":{"start":{"line":195,"column":10},"end":{"line":195,"column":null}},"67":{"start":{"line":197,"column":4},"end":{"line":206,"column":null}},"68":{"start":{"line":198,"column":6},"end":{"line":198,"column":null}},"69":{"start":{"line":199,"column":6},"end":{"line":204,"column":null}},"70":{"start":{"line":202,"column":22},"end":{"line":202,"column":47}},"71":{"start":{"line":205,"column":6},"end":{"line":205,"column":null}},"72":{"start":{"line":209,"column":10},"end":{"line":209,"column":null}},"73":{"start":{"line":210,"column":31},"end":{"line":223,"column":null}},"74":{"start":{"line":211,"column":12},"end":{"line":213,"column":null}},"75":{"start":{"line":212,"column":9},"end":{"line":212,"column":null}},"76":{"start":{"line":214,"column":6},"end":{"line":222,"column":null}},"77":{"start":{"line":225,"column":4},"end":{"line":229,"column":null}},"78":{"start":{"line":226,"column":6},"end":{"line":226,"column":null}},"79":{"start":{"line":227,"column":6},"end":{"line":227,"column":null}},"80":{"start":{"line":228,"column":6},"end":{"line":228,"column":null}},"81":{"start":{"line":231,"column":23},"end":{"line":239,"column":null}},"82":{"start":{"line":232,"column":6},"end":{"line":232,"column":null}},"83":{"start":{"line":232,"column":16},"end":{"line":232,"column":null}},"84":{"start":{"line":233,"column":6},"end":{"line":238,"column":null}},"85":{"start":{"line":234,"column":23},"end":{"line":234,"column":null}},"86":{"start":{"line":235,"column":8},"end":{"line":235,"column":null}},"87":{"start":{"line":237,"column":8},"end":{"line":237,"column":null}},"88":{"start":{"line":241,"column":25},"end":{"line":273,"column":null}},"89":{"start":{"line":241,"column":61},"end":{"line":273,"column":6}},"90":{"start":{"line":266,"column":24},"end":{"line":266,"column":41}},"91":{"start":{"line":267,"column":21},"end":{"line":271,"column":10}},"92":{"start":{"line":275,"column":4},"end":{"line":303,"column":null}},"93":{"start":{"line":276,"column":6},"end":{"line":294,"column":null}},"94":{"start":{"line":277,"column":22},"end":{"line":277,"column":null}},"95":{"start":{"line":278,"column":24},"end":{"line":281,"column":null}},"96":{"start":{"line":282,"column":8},"end":{"line":282,"column":null}},"97":{"start":{"line":283,"column":8},"end":{"line":283,"column":null}},"98":{"start":{"line":284,"column":8},"end":{"line":284,"column":null}},"99":{"start":{"line":286,"column":24},"end":{"line":289,"column":null}},"100":{"start":{"line":292,"column":8},"end":{"line":292,"column":null}},"101":{"start":{"line":293,"column":8},"end":{"line":293,"column":null}},"102":{"start":{"line":296,"column":6},"end":{"line":296,"column":null}},"103":{"start":{"line":297,"column":6},"end":{"line":297,"column":null}},"104":{"start":{"line":298,"column":6},"end":{"line":298,"column":null}},"105":{"start":{"line":298,"column":23},"end":{"line":298,"column":46}},"106":{"start":{"line":300,"column":6},"end":{"line":300,"column":null}},"107":{"start":{"line":301,"column":6},"end":{"line":301,"column":null}},"108":{"start":{"line":302,"column":6},"end":{"line":302,"column":null}},"109":{"start":{"line":315,"column":18},"end":{"line":315,"column":null}},"110":{"start":{"line":317,"column":2},"end":{"line":362,"column":null}},"111":{"start":{"line":358,"column":23},"end":{"line":358,"column":null}}},"fnMap":{"0":{"name":"convertDiscordEmbed","decl":{"start":{"line":22,"column":9},"end":{"line":22,"column":29}},"loc":{"start":{"line":22,"column":57},"end":{"line":47,"column":null}},"line":22},"1":{"name":"App","decl":{"start":{"line":49,"column":24},"end":{"line":49,"column":30}},"loc":{"start":{"line":49,"column":30},"end":{"line":364,"column":null}},"line":49},"2":{"name":"(anonymous_2)","decl":{"start":{"line":84,"column":52},"end":{"line":84,"column":64}},"loc":{"start":{"line":84,"column":64},"end":{"line":87,"column":5}},"line":84},"3":{"name":"(anonymous_3)","decl":{"start":{"line":89,"column":52},"end":{"line":89,"column":58}},"loc":{"start":{"line":89,"column":58},"end":{"line":94,"column":5}},"line":89},"4":{"name":"(anonymous_4)","decl":{"start":{"line":106,"column":12},"end":{"line":106,"column":18}},"loc":{"start":{"line":106,"column":18},"end":{"line":118,"column":5}},"line":106},"5":{"name":"(anonymous_5)","decl":{"start":{"line":120,"column":30},"end":{"line":120,"column":37}},"loc":{"start":{"line":120,"column":59},"end":{"line":126,"column":null}},"line":120},"6":{"name":"(anonymous_6)","decl":{"start":{"line":128,"column":25},"end":{"line":128,"column":31}},"loc":{"start":{"line":128,"column":31},"end":{"line":135,"column":null}},"line":128},"7":{"name":"(anonymous_7)","decl":{"start":{"line":137,"column":30},"end":{"line":137,"column":37}},"loc":{"start":{"line":137,"column":59},"end":{"line":162,"column":null}},"line":137},"8":{"name":"(anonymous_8)","decl":{"start":{"line":164,"column":31},"end":{"line":164,"column":37}},"loc":{"start":{"line":164,"column":37},"end":{"line":166,"column":null}},"line":164},"9":{"name":"(anonymous_9)","decl":{"start":{"line":168,"column":33},"end":{"line":168,"column":40}},"loc":{"start":{"line":171,"column":8},"end":{"line":182,"column":null}},"line":171},"10":{"name":"(anonymous_10)","decl":{"start":{"line":184,"column":30},"end":{"line":184,"column":31}},"loc":{"start":{"line":184,"column":59},"end":{"line":186,"column":null}},"line":184},"11":{"name":"(anonymous_11)","decl":{"start":{"line":188,"column":33},"end":{"line":188,"column":45}},"loc":{"start":{"line":188,"column":45},"end":{"line":304,"column":5}},"line":188},"12":{"name":"(anonymous_12)","decl":{"start":{"line":202,"column":15},"end":{"line":202,"column":16}},"loc":{"start":{"line":202,"column":22},"end":{"line":202,"column":47}},"line":202},"13":{"name":"(anonymous_13)","decl":{"start":{"line":210,"column":56},"end":{"line":210,"column":57}},"loc":{"start":{"line":210,"column":63},"end":{"line":223,"column":5}},"line":210},"14":{"name":"(anonymous_14)","decl":{"start":{"line":212,"column":8},"end":{"line":212,"column":9}},"loc":{"start":{"line":212,"column":9},"end":{"line":212,"column":null}},"line":212},"15":{"name":"(anonymous_15)","decl":{"start":{"line":231,"column":23},"end":{"line":231,"column":24}},"loc":{"start":{"line":231,"column":52},"end":{"line":239,"column":null}},"line":231},"16":{"name":"(anonymous_16)","decl":{"start":{"line":241,"column":49},"end":{"line":241,"column":50}},"loc":{"start":{"line":241,"column":61},"end":{"line":273,"column":6}},"line":241},"17":{"name":"(anonymous_17)","decl":{"start":{"line":266,"column":17},"end":{"line":266,"column":18}},"loc":{"start":{"line":266,"column":24},"end":{"line":266,"column":41}},"line":266},"18":{"name":"(anonymous_18)","decl":{"start":{"line":267,"column":13},"end":{"line":267,"column":14}},"loc":{"start":{"line":267,"column":21},"end":{"line":271,"column":10}},"line":267},"19":{"name":"(anonymous_19)","decl":{"start":{"line":298,"column":17},"end":{"line":298,"column":23}},"loc":{"start":{"line":298,"column":23},"end":{"line":298,"column":46}},"line":298},"20":{"name":"(anonymous_20)","decl":{"start":{"line":347,"column":26},"end":{"line":347,"column":32}},"loc":{"start":{"line":347,"column":32},"end":{"line":347,"column":null}},"line":347},"21":{"name":"(anonymous_21)","decl":{"start":{"line":358,"column":17},"end":{"line":358,"column":23}},"loc":{"start":{"line":358,"column":23},"end":{"line":358,"column":null}},"line":358}},"branchMap":{"0":{"loc":{"start":{"line":29,"column":12},"end":{"line":35,"column":null}},"type":"cond-expr","locations":[{"start":{"line":30,"column":8},"end":{"line":34,"column":null}},{"start":{"line":35,"column":8},"end":{"line":35,"column":null}}],"line":29},"1":{"loc":{"start":{"line":36,"column":12},"end":{"line":41,"column":null}},"type":"cond-expr","locations":[{"start":{"line":37,"column":8},"end":{"line":40,"column":null}},{"start":{"line":41,"column":8},"end":{"line":41,"column":null}}],"line":36},"2":{"loc":{"start":{"line":42,"column":15},"end":{"line":42,"column":null}},"type":"cond-expr","locations":[{"start":{"line":42,"column":38},"end":{"line":42,"column":69}},{"start":{"line":42,"column":69},"end":{"line":42,"column":null}}],"line":42},"3":{"loc":{"start":{"line":43,"column":11},"end":{"line":43,"column":null}},"type":"cond-expr","locations":[{"start":{"line":43,"column":30},"end":{"line":43,"column":57}},{"start":{"line":43,"column":57},"end":{"line":43,"column":null}}],"line":43},"4":{"loc":{"start":{"line":44,"column":12},"end":{"line":44,"column":null}},"type":"binary-expr","locations":[{"start":{"line":44,"column":12},"end":{"line":44,"column":28}},{"start":{"line":44,"column":28},"end":{"line":44,"column":null}}],"line":44},"5":{"loc":{"start":{"line":90,"column":4},"end":{"line":93,"column":null}},"type":"if","locations":[{"start":{"line":90,"column":4},"end":{"line":93,"column":null}},{"start":{},"end":{}}],"line":90},"6":{"loc":{"start":{"line":107,"column":4},"end":{"line":117,"column":null}},"type":"if","locations":[{"start":{"line":107,"column":4},"end":{"line":117,"column":null}},{"start":{"line":115,"column":11},"end":{"line":117,"column":null}}],"line":107},"7":{"loc":{"start":{"line":109,"column":17},"end":{"line":109,"column":null}},"type":"binary-expr","locations":[{"start":{"line":109,"column":17},"end":{"line":109,"column":44}},{"start":{"line":109,"column":44},"end":{"line":109,"column":null}}],"line":109},"8":{"loc":{"start":{"line":138,"column":4},"end":{"line":138,"column":null}},"type":"if","locations":[{"start":{"line":138,"column":4},"end":{"line":138,"column":null}},{"start":{},"end":{}}],"line":138},"9":{"loc":{"start":{"line":140,"column":4},"end":{"line":140,"column":null}},"type":"if","locations":[{"start":{"line":140,"column":4},"end":{"line":140,"column":null}},{"start":{},"end":{}}],"line":140},"10":{"loc":{"start":{"line":145,"column":6},"end":{"line":152,"column":null}},"type":"if","locations":[{"start":{"line":145,"column":6},"end":{"line":152,"column":null}},{"start":{},"end":{}}],"line":145},"11":{"loc":{"start":{"line":159,"column":8},"end":{"line":159,"column":null}},"type":"cond-expr","locations":[{"start":{"line":159,"column":31},"end":{"line":159,"column":45}},{"start":{"line":159,"column":45},"end":{"line":159,"column":null}}],"line":159},"12":{"loc":{"start":{"line":189,"column":4},"end":{"line":189,"column":null}},"type":"if","locations":[{"start":{"line":189,"column":4},"end":{"line":189,"column":null}},{"start":{},"end":{}}],"line":189},"13":{"loc":{"start":{"line":197,"column":4},"end":{"line":206,"column":null}},"type":"if","locations":[{"start":{"line":197,"column":4},"end":{"line":206,"column":null}},{"start":{},"end":{}}],"line":197},"14":{"loc":{"start":{"line":209,"column":27},"end":{"line":209,"column":55}},"type":"binary-expr","locations":[{"start":{"line":209,"column":27},"end":{"line":209,"column":51}},{"start":{"line":209,"column":51},"end":{"line":209,"column":55}}],"line":209},"15":{"loc":{"start":{"line":211,"column":25},"end":{"line":211,"column":41}},"type":"binary-expr","locations":[{"start":{"line":211,"column":25},"end":{"line":211,"column":37}},{"start":{"line":211,"column":37},"end":{"line":211,"column":41}}],"line":211},"16":{"loc":{"start":{"line":212,"column":9},"end":{"line":212,"column":null}},"type":"binary-expr","locations":[{"start":{"line":212,"column":9},"end":{"line":212,"column":41}},{"start":{"line":212,"column":35},"end":{"line":212,"column":null}}],"line":212},"17":{"loc":{"start":{"line":212,"column":16},"end":{"line":212,"column":30}},"type":"binary-expr","locations":[{"start":{"line":212,"column":16},"end":{"line":212,"column":26}},{"start":{"line":212,"column":26},"end":{"line":212,"column":30}}],"line":212},"18":{"loc":{"start":{"line":212,"column":41},"end":{"line":212,"column":56}},"type":"binary-expr","locations":[{"start":{"line":212,"column":41},"end":{"line":212,"column":52}},{"start":{"line":212,"column":52},"end":{"line":212,"column":56}}],"line":212},"19":{"loc":{"start":{"line":214,"column":13},"end":{"line":221,"column":null}},"type":"binary-expr","locations":[{"start":{"line":214,"column":13},"end":{"line":215,"column":null}},{"start":{"line":215,"column":29},"end":{"line":216,"column":null}},{"start":{"line":216,"column":35},"end":{"line":217,"column":null}},{"start":{"line":217,"column":36},"end":{"line":218,"column":null}},{"start":{"line":218,"column":36},"end":{"line":219,"column":null}},{"start":{"line":219,"column":34},"end":{"line":220,"column":null}},{"start":{"line":221,"column":8},"end":{"line":221,"column":null}}],"line":214},"20":{"loc":{"start":{"line":225,"column":4},"end":{"line":229,"column":null}},"type":"if","locations":[{"start":{"line":225,"column":4},"end":{"line":229,"column":null}},{"start":{},"end":{}}],"line":225},"21":{"loc":{"start":{"line":225,"column":8},"end":{"line":225,"column":47}},"type":"binary-expr","locations":[{"start":{"line":225,"column":8},"end":{"line":225,"column":26}},{"start":{"line":225,"column":26},"end":{"line":225,"column":47}}],"line":225},"22":{"loc":{"start":{"line":232,"column":6},"end":{"line":232,"column":null}},"type":"if","locations":[{"start":{"line":232,"column":6},"end":{"line":232,"column":null}},{"start":{},"end":{}}],"line":232},"23":{"loc":{"start":{"line":235,"column":15},"end":{"line":235,"column":null}},"type":"binary-expr","locations":[{"start":{"line":235,"column":15},"end":{"line":235,"column":46}},{"start":{"line":235,"column":46},"end":{"line":235,"column":null}}],"line":235},"24":{"loc":{"start":{"line":242,"column":13},"end":{"line":242,"column":null}},"type":"binary-expr","locations":[{"start":{"line":242,"column":13},"end":{"line":242,"column":28}},{"start":{"line":242,"column":28},"end":{"line":242,"column":null}}],"line":242},"25":{"loc":{"start":{"line":243,"column":19},"end":{"line":243,"column":null}},"type":"binary-expr","locations":[{"start":{"line":243,"column":19},"end":{"line":243,"column":40}},{"start":{"line":243,"column":40},"end":{"line":243,"column":null}}],"line":243},"26":{"loc":{"start":{"line":244,"column":11},"end":{"line":244,"column":null}},"type":"cond-expr","locations":[{"start":{"line":244,"column":35},"end":{"line":244,"column":47}},{"start":{"line":244,"column":47},"end":{"line":244,"column":null}}],"line":244},"27":{"loc":{"start":{"line":246,"column":14},"end":{"line":254,"column":null}},"type":"cond-expr","locations":[{"start":{"line":247,"column":10},"end":{"line":253,"column":null}},{"start":{"line":254,"column":10},"end":{"line":254,"column":null}}],"line":246},"28":{"loc":{"start":{"line":249,"column":17},"end":{"line":249,"column":null}},"type":"cond-expr","locations":[{"start":{"line":249,"column":48},"end":{"line":249,"column":67}},{"start":{"line":249,"column":67},"end":{"line":249,"column":null}}],"line":249},"29":{"loc":{"start":{"line":250,"column":22},"end":{"line":252,"column":null}},"type":"cond-expr","locations":[{"start":{"line":251,"column":16},"end":{"line":251,"column":null}},{"start":{"line":252,"column":16},"end":{"line":252,"column":null}}],"line":250},"30":{"loc":{"start":{"line":255,"column":14},"end":{"line":262,"column":null}},"type":"cond-expr","locations":[{"start":{"line":256,"column":10},"end":{"line":261,"column":null}},{"start":{"line":262,"column":10},"end":{"line":262,"column":null}}],"line":255},"31":{"loc":{"start":{"line":258,"column":22},"end":{"line":260,"column":null}},"type":"cond-expr","locations":[{"start":{"line":259,"column":16},"end":{"line":259,"column":null}},{"start":{"line":260,"column":16},"end":{"line":260,"column":null}}],"line":258},"32":{"loc":{"start":{"line":263,"column":17},"end":{"line":263,"column":null}},"type":"cond-expr","locations":[{"start":{"line":263,"column":52},"end":{"line":263,"column":70}},{"start":{"line":263,"column":70},"end":{"line":263,"column":null}}],"line":263},"33":{"loc":{"start":{"line":264,"column":13},"end":{"line":264,"column":null}},"type":"cond-expr","locations":[{"start":{"line":264,"column":44},"end":{"line":264,"column":58}},{"start":{"line":264,"column":58},"end":{"line":264,"column":null}}],"line":264},"34":{"loc":{"start":{"line":266,"column":24},"end":{"line":266,"column":41}},"type":"binary-expr","locations":[{"start":{"line":266,"column":24},"end":{"line":266,"column":34}},{"start":{"line":266,"column":34},"end":{"line":266,"column":41}}],"line":266},"35":{"loc":{"start":{"line":270,"column":18},"end":{"line":270,"column":null}},"type":"binary-expr","locations":[{"start":{"line":270,"column":18},"end":{"line":270,"column":30}},{"start":{"line":270,"column":30},"end":{"line":270,"column":null}}],"line":270},"36":{"loc":{"start":{"line":272,"column":17},"end":{"line":272,"column":null}},"type":"binary-expr","locations":[{"start":{"line":272,"column":17},"end":{"line":272,"column":36}},{"start":{"line":272,"column":36},"end":{"line":272,"column":null}}],"line":272},"37":{"loc":{"start":{"line":276,"column":6},"end":{"line":294,"column":null}},"type":"if","locations":[{"start":{"line":276,"column":6},"end":{"line":294,"column":null}},{"start":{"line":285,"column":13},"end":{"line":294,"column":null}}],"line":276},"38":{"loc":{"start":{"line":279,"column":19},"end":{"line":279,"column":null}},"type":"binary-expr","locations":[{"start":{"line":279,"column":19},"end":{"line":279,"column":43}},{"start":{"line":279,"column":43},"end":{"line":279,"column":null}}],"line":279},"39":{"loc":{"start":{"line":287,"column":19},"end":{"line":287,"column":null}},"type":"binary-expr","locations":[{"start":{"line":287,"column":19},"end":{"line":287,"column":43}},{"start":{"line":287,"column":43},"end":{"line":287,"column":null}}],"line":287},"40":{"loc":{"start":{"line":302,"column":19},"end":{"line":302,"column":72}},"type":"cond-expr","locations":[{"start":{"line":302,"column":42},"end":{"line":302,"column":56}},{"start":{"line":302,"column":56},"end":{"line":302,"column":72}}],"line":302},"41":{"loc":{"start":{"line":315,"column":18},"end":{"line":315,"column":null}},"type":"binary-expr","locations":[{"start":{"line":315,"column":18},"end":{"line":315,"column":35}},{"start":{"line":315,"column":35},"end":{"line":315,"column":null}}],"line":315},"42":{"loc":{"start":{"line":346,"column":25},"end":{"line":346,"column":null}},"type":"cond-expr","locations":[{"start":{"line":346,"column":37},"end":{"line":346,"column":54}},{"start":{"line":346,"column":54},"end":{"line":346,"column":null}}],"line":346},"43":{"loc":{"start":{"line":348,"column":20},"end":{"line":348,"column":null}},"type":"cond-expr","locations":[{"start":{"line":348,"column":40},"end":{"line":348,"column":53}},{"start":{"line":348,"column":53},"end":{"line":348,"column":null}}],"line":348},"44":{"loc":{"start":{"line":349,"column":23},"end":{"line":349,"column":null}},"type":"cond-expr","locations":[{"start":{"line":349,"column":35},"end":{"line":349,"column":57}},{"start":{"line":349,"column":57},"end":{"line":349,"column":null}}],"line":349}},"s":{"0":0,"1":10,"2":10,"3":10,"4":10,"5":10,"6":10,"7":10,"8":10,"9":10,"10":10,"11":10,"12":0,"13":0,"14":10,"15":0,"16":0,"17":0,"18":10,"19":10,"20":10,"21":10,"22":0,"23":0,"24":10,"25":10,"26":0,"27":0,"28":0,"29":0,"30":10,"31":0,"32":0,"33":0,"34":10,"35":0,"36":0,"37":0,"38":0,"39":0,"40":0,"41":0,"42":0,"43":0,"44":0,"45":0,"46":0,"47":0,"48":0,"49":0,"50":10,"51":0,"52":10,"53":0,"54":0,"55":0,"56":0,"57":0,"58":0,"59":10,"60":0,"61":10,"62":0,"63":0,"64":0,"65":0,"66":0,"67":0,"68":0,"69":0,"70":0,"71":0,"72":0,"73":0,"74":0,"75":0,"76":0,"77":0,"78":0,"79":0,"80":0,"81":0,"82":0,"83":0,"84":0,"85":0,"86":0,"87":0,"88":0,"89":0,"90":0,"91":0,"92":0,"93":0,"94":0,"95":0,"96":0,"97":0,"98":0,"99":0,"100":0,"101":0,"102":0,"103":0,"104":0,"105":0,"106":0,"107":0,"108":0,"109":10,"110":10,"111":0},"f":{"0":0,"1":10,"2":0,"3":0,"4":10,"5":0,"6":0,"7":0,"8":0,"9":0,"10":0,"11":0,"12":0,"13":0,"14":0,"15":0,"16":0,"17":0,"18":0,"19":0,"20":0,"21":0},"b":{"0":[0,0],"1":[0,0],"2":[0,0],"3":[0,0],"4":[0,0],"5":[0,0],"6":[0,10],"7":[0,0],"8":[0,0],"9":[0,0],"10":[0,0],"11":[0,0],"12":[0,0],"13":[0,0],"14":[0,0],"15":[0,0],"16":[0,0],"17":[0,0],"18":[0,0],"19":[0,0,0,0,0,0,0],"20":[0,0],"21":[0,0],"22":[0,0],"23":[0,0],"24":[0,0],"25":[0,0],"26":[0,0],"27":[0,0],"28":[0,0],"29":[0,0],"30":[0,0],"31":[0,0],"32":[0,0],"33":[0,0],"34":[0,0],"35":[0,0],"36":[0,0],"37":[0,0],"38":[0,0],"39":[0,0],"40":[0,0],"41":[10,10],"42":[0,10],"43":[0,10],"44":[0,10]},"meta":{"lastBranch":45,"lastFunction":22,"lastStatement":112,"seen":{"f:22:9:22:29":0,"s:23:2:46:Infinity":0,"b:30:8:34:Infinity:35:8:35:Infinity":0,"b:37:8:40:Infinity:41:8:41:Infinity":1,"b:42:38:42:69:42:69:42:Infinity":2,"b:43:30:43:57:43:57:43:Infinity":3,"b:44:12:44:28:44:28:44:Infinity":4,"f:49:24:49:30":1,"s:50:58:50:Infinity":1,"s:59:2:59:Infinity":2,"s:69:2:69:Infinity":3,"s:70:42:70:Infinity":4,"s:72:48:74:Infinity":5,"s:75:38:76:Infinity":6,"s:77:32:77:Infinity":7,"s:78:34:80:Infinity":8,"s:81:32:81:Infinity":9,"s:82:54:82:Infinity":10,"s:84:8:87:Infinity":11,"f:84:52:84:64":2,"s:85:4:85:Infinity":12,"s:86:4:86:Infinity":13,"s:89:8:94:Infinity":14,"f:89:52:89:58":3,"b:90:4:93:Infinity:undefined:undefined:undefined:undefined":5,"s:90:4:93:Infinity":15,"s:91:6:91:Infinity":16,"s:92:6:92:Infinity":17,"s:96:2:102:Infinity":18,"s:104:43:104:Infinity":19,"s:106:2:118:Infinity":20,"f:106:12:106:18":4,"b:107:4:117:Infinity:115:11:117:Infinity":6,"s:107:4:117:Infinity":21,"s:108:6:113:Infinity":22,"b:109:17:109:44:109:44:109:Infinity":7,"s:114:6:114:Infinity":23,"s:116:6:116:Infinity":24,"s:120:30:126:Infinity":25,"f:120:30:120:37":5,"s:121:4:121:Infinity":26,"s:123:4:123:Infinity":27,"s:124:4:124:Infinity":28,"s:125:4:125:Infinity":29,"s:128:25:135:Infinity":30,"f:128:25:128:31":6,"s:129:4:132:Infinity":31,"s:133:4:133:Infinity":32,"s:134:4:134:Infinity":33,"s:137:30:162:Infinity":34,"f:137:30:137:37":7,"b:138:4:138:Infinity:undefined:undefined:undefined:undefined":8,"s:138:4:138:Infinity":35,"s:138:28:138:Infinity":36,"s:139:22:139:Infinity":37,"b:140:4:140:Infinity:undefined:undefined:undefined:undefined":9,"s:140:4:140:Infinity":38,"s:140:20:140:Infinity":39,"s:142:4:161:Infinity":40,"s:143:6:143:Infinity":41,"b:145:6:152:Infinity:undefined:undefined:undefined:undefined":10,"s:145:6:152:Infinity":42,"s:146:8:146:Infinity":43,"s:147:8:147:Infinity":44,"s:148:8:151:Infinity":45,"s:154:6:154:Infinity":46,"s:156:6:156:Infinity":47,"s:157:6:157:Infinity":48,"s:158:6:160:Infinity":49,"b:159:31:159:45:159:45:159:Infinity":11,"s:164:31:166:Infinity":50,"f:164:31:164:37":8,"s:165:4:165:Infinity":51,"s:168:33:182:Infinity":52,"f:168:33:168:40":9,"s:172:4:181:Infinity":53,"s:173:6:173:Infinity":54,"s:175:6:175:Infinity":55,"s:177:6:177:Infinity":56,"s:179:6:179:Infinity":57,"s:180:6:180:Infinity":58,"s:184:30:186:Infinity":59,"f:184:30:184:31":10,"s:185:4:185:Infinity":60,"s:188:8:313:Infinity":61,"f:188:33:188:45":11,"b:189:4:189:Infinity:undefined:undefined:undefined:undefined":12,"s:189:4:189:Infinity":62,"s:189:28:189:Infinity":63,"s:191:4:191:Infinity":64,"s:192:4:192:Infinity":65,"s:195:10:195:Infinity":66,"b:197:4:206:Infinity:undefined:undefined:undefined:undefined":13,"s:197:4:206:Infinity":67,"s:198:6:198:Infinity":68,"s:199:6:204:Infinity":69,"f:202:15:202:16":12,"s:202:22:202:47":70,"s:205:6:205:Infinity":71,"s:209:10:209:Infinity":72,"b:209:27:209:51:209:51:209:55":14,"s:210:31:223:Infinity":73,"f:210:56:210:57":13,"s:211:12:213:Infinity":74,"b:211:25:211:37:211:37:211:41":15,"f:212:8:212:9":14,"s:212:9:212:Infinity":75,"b:212:9:212:41:212:35:212:Infinity":16,"b:212:16:212:26:212:26:212:30":17,"b:212:41:212:52:212:52:212:56":18,"s:214:6:222:Infinity":76,"b:214:13:215:Infinity:215:29:216:Infinity:216:35:217:Infinity:217:36:218:Infinity:218:36:219:Infinity:219:34:220:Infinity:221:8:221:Infinity":19,"b:225:4:229:Infinity:undefined:undefined:undefined:undefined":20,"s:225:4:229:Infinity":77,"b:225:8:225:26:225:26:225:47":21,"s:226:6:226:Infinity":78,"s:227:6:227:Infinity":79,"s:228:6:228:Infinity":80,"s:231:23:239:Infinity":81,"f:231:23:231:24":15,"b:232:6:232:Infinity:undefined:undefined:undefined:undefined":22,"s:232:6:232:Infinity":82,"s:232:16:232:Infinity":83,"s:233:6:238:Infinity":84,"s:234:23:234:Infinity":85,"s:235:8:235:Infinity":86,"b:235:15:235:46:235:46:235:Infinity":23,"s:237:8:237:Infinity":87,"s:241:25:273:Infinity":88,"f:241:49:241:50":16,"s:241:61:273:6":89,"b:242:13:242:28:242:28:242:Infinity":24,"b:243:19:243:40:243:40:243:Infinity":25,"b:244:35:244:47:244:47:244:Infinity":26,"b:247:10:253:Infinity:254:10:254:Infinity":27,"b:249:48:249:67:249:67:249:Infinity":28,"b:251:16:251:Infinity:252:16:252:Infinity":29,"b:256:10:261:Infinity:262:10:262:Infinity":30,"b:259:16:259:Infinity:260:16:260:Infinity":31,"b:263:52:263:70:263:70:263:Infinity":32,"b:264:44:264:58:264:58:264:Infinity":33,"f:266:17:266:18":17,"s:266:24:266:41":90,"b:266:24:266:34:266:34:266:41":34,"f:267:13:267:14":18,"s:267:21:271:10":91,"b:270:18:270:30:270:30:270:Infinity":35,"b:272:17:272:36:272:36:272:Infinity":36,"s:275:4:303:Infinity":92,"b:276:6:294:Infinity:285:13:294:Infinity":37,"s:276:6:294:Infinity":93,"s:277:22:277:Infinity":94,"s:278:24:281:Infinity":95,"b:279:19:279:43:279:43:279:Infinity":38,"s:282:8:282:Infinity":96,"s:283:8:283:Infinity":97,"s:284:8:284:Infinity":98,"s:286:24:289:Infinity":99,"b:287:19:287:43:287:43:287:Infinity":39,"s:292:8:292:Infinity":100,"s:293:8:293:Infinity":101,"s:296:6:296:Infinity":102,"s:297:6:297:Infinity":103,"s:298:6:298:Infinity":104,"f:298:17:298:23":19,"s:298:23:298:46":105,"s:300:6:300:Infinity":106,"s:301:6:301:Infinity":107,"s:302:6:302:Infinity":108,"b:302:42:302:56:302:56:302:72":40,"s:315:18:315:Infinity":109,"b:315:18:315:35:315:35:315:Infinity":41,"s:317:2:362:Infinity":110,"b:346:37:346:54:346:54:346:Infinity":42,"f:347:26:347:32":20,"b:348:40:348:53:348:53:348:Infinity":43,"b:349:35:349:57:349:57:349:Infinity":44,"f:358:17:358:23":21,"s:358:23:358:Infinity":111}}}
,"C:\\Users\\cscat\\OneDrive\\Desktop\\Bot-Discord\\frontend\\src\\app\\layout\\Layout.tsx": {"path":"C:\\Users\\cscat\\OneDrive\\Desktop\\Bot-Discord\\frontend\\src\\app\\layout\\Layout.tsx","statementMap":{"0":{"start":{"line":11,"column":2},"end":{"line":18,"column":null}},"1":{"start":{"line":12,"column":4},"end":{"line":12,"column":null}},"2":{"start":{"line":12,"column":39},"end":{"line":12,"column":null}},"3":{"start":{"line":13,"column":16},"end":{"line":13,"column":null}},"4":{"start":{"line":14,"column":4},"end":{"line":14,"column":null}},"5":{"start":{"line":14,"column":21},"end":{"line":14,"column":null}},"6":{"start":{"line":15,"column":4},"end":{"line":15,"column":null}},"7":{"start":{"line":17,"column":4},"end":{"line":17,"column":null}},"8":{"start":{"line":22,"column":2},"end":{"line":30,"column":null}},"9":{"start":{"line":23,"column":4},"end":{"line":23,"column":null}},"10":{"start":{"line":23,"column":39},"end":{"line":23,"column":null}},"11":{"start":{"line":24,"column":16},"end":{"line":24,"column":null}},"12":{"start":{"line":25,"column":4},"end":{"line":25,"column":null}},"13":{"start":{"line":25,"column":21},"end":{"line":25,"column":null}},"14":{"start":{"line":26,"column":19},"end":{"line":26,"column":null}},"15":{"start":{"line":27,"column":4},"end":{"line":27,"column":null}},"16":{"start":{"line":29,"column":4},"end":{"line":29,"column":null}},"17":{"start":{"line":34,"column":2},"end":{"line":34,"column":null}},"18":{"start":{"line":38,"column":40},"end":{"line":40,"column":null}},"19":{"start":{"line":39,"column":4},"end":{"line":39,"column":null}},"20":{"start":{"line":41,"column":38},"end":{"line":43,"column":null}},"21":{"start":{"line":42,"column":4},"end":{"line":42,"column":null}},"22":{"start":{"line":44,"column":8},"end":{"line":44,"column":null}},"23":{"start":{"line":46,"column":2},"end":{"line":55,"column":null}},"24":{"start":{"line":47,"column":4},"end":{"line":54,"column":null}},"25":{"start":{"line":48,"column":6},"end":{"line":51,"column":null}},"26":{"start":{"line":57,"column":2},"end":{"line":63,"column":null}},"27":{"start":{"line":58,"column":4},"end":{"line":62,"column":null}},"28":{"start":{"line":59,"column":6},"end":{"line":59,"column":null}},"29":{"start":{"line":65,"column":2},"end":{"line":85,"column":null}},"30":{"start":{"line":66,"column":23},"end":{"line":71,"column":null}},"31":{"start":{"line":67,"column":16},"end":{"line":67,"column":null}},"32":{"start":{"line":68,"column":6},"end":{"line":68,"column":null}},"33":{"start":{"line":68,"column":14},"end":{"line":68,"column":null}},"34":{"start":{"line":69,"column":17},"end":{"line":69,"column":null}},"35":{"start":{"line":70,"column":6},"end":{"line":70,"column":null}},"36":{"start":{"line":73,"column":21},"end":{"line":75,"column":null}},"37":{"start":{"line":74,"column":6},"end":{"line":74,"column":null}},"38":{"start":{"line":77,"column":4},"end":{"line":77,"column":null}},"39":{"start":{"line":78,"column":4},"end":{"line":78,"column":null}},"40":{"start":{"line":79,"column":4},"end":{"line":79,"column":null}},"41":{"start":{"line":80,"column":4},"end":{"line":84,"column":null}},"42":{"start":{"line":81,"column":6},"end":{"line":81,"column":null}},"43":{"start":{"line":82,"column":6},"end":{"line":82,"column":null}},"44":{"start":{"line":83,"column":6},"end":{"line":83,"column":null}},"45":{"start":{"line":87,"column":2},"end":{"line":148,"column":null}},"46":{"start":{"line":93,"column":27},"end":{"line":93,"column":null}},"47":{"start":{"line":93,"column":51},"end":{"line":93,"column":53}},"48":{"start":{"line":132,"column":14},"end":{"line":132,"column":null}},"49":{"start":{"line":133,"column":15},"end":{"line":135,"column":null}}},"fnMap":{"0":{"name":"readStoredBool","decl":{"start":{"line":10,"column":9},"end":{"line":10,"column":24}},"loc":{"start":{"line":10,"column":56},"end":{"line":19,"column":null}},"line":10},"1":{"name":"readStoredNumber","decl":{"start":{"line":21,"column":9},"end":{"line":21,"column":26}},"loc":{"start":{"line":21,"column":57},"end":{"line":31,"column":null}},"line":21},"2":{"name":"clamp","decl":{"start":{"line":33,"column":9},"end":{"line":33,"column":15}},"loc":{"start":{"line":33,"column":52},"end":{"line":35,"column":null}},"line":33},"3":{"name":"Layout","decl":{"start":{"line":37,"column":16},"end":{"line":37,"column":23}},"loc":{"start":{"line":37,"column":66},"end":{"line":150,"column":null}},"line":37},"4":{"name":"(anonymous_4)","decl":{"start":{"line":38,"column":53},"end":{"line":38,"column":null}},"loc":{"start":{"line":39,"column":4},"end":{"line":39,"column":null}},"line":39},"5":{"name":"(anonymous_5)","decl":{"start":{"line":41,"column":51},"end":{"line":41,"column":null}},"loc":{"start":{"line":42,"column":4},"end":{"line":42,"column":null}},"line":42},"6":{"name":"(anonymous_6)","decl":{"start":{"line":46,"column":12},"end":{"line":46,"column":18}},"loc":{"start":{"line":46,"column":18},"end":{"line":55,"column":5}},"line":46},"7":{"name":"(anonymous_7)","decl":{"start":{"line":57,"column":12},"end":{"line":57,"column":18}},"loc":{"start":{"line":57,"column":18},"end":{"line":63,"column":5}},"line":57},"8":{"name":"(anonymous_8)","decl":{"start":{"line":65,"column":12},"end":{"line":65,"column":18}},"loc":{"start":{"line":65,"column":18},"end":{"line":85,"column":5}},"line":65},"9":{"name":"(anonymous_9)","decl":{"start":{"line":66,"column":23},"end":{"line":66,"column":24}},"loc":{"start":{"line":66,"column":44},"end":{"line":71,"column":null}},"line":66},"10":{"name":"(anonymous_10)","decl":{"start":{"line":73,"column":21},"end":{"line":73,"column":27}},"loc":{"start":{"line":73,"column":27},"end":{"line":75,"column":null}},"line":73},"11":{"name":"(anonymous_11)","decl":{"start":{"line":80,"column":11},"end":{"line":80,"column":17}},"loc":{"start":{"line":80,"column":17},"end":{"line":84,"column":null}},"line":80},"12":{"name":"(anonymous_12)","decl":{"start":{"line":93,"column":21},"end":{"line":93,"column":27}},"loc":{"start":{"line":93,"column":27},"end":{"line":93,"column":null}},"line":93},"13":{"name":"(anonymous_13)","decl":{"start":{"line":93,"column":44},"end":{"line":93,"column":45}},"loc":{"start":{"line":93,"column":51},"end":{"line":93,"column":53}},"line":93},"14":{"name":"(anonymous_14)","decl":{"start":{"line":131,"column":27},"end":{"line":131,"column":28}},"loc":{"start":{"line":131,"column":34},"end":{"line":136,"column":null}},"line":131}},"branchMap":{"0":{"loc":{"start":{"line":12,"column":4},"end":{"line":12,"column":null}},"type":"if","locations":[{"start":{"line":12,"column":4},"end":{"line":12,"column":null}},{"start":{},"end":{}}],"line":12},"1":{"loc":{"start":{"line":14,"column":4},"end":{"line":14,"column":null}},"type":"if","locations":[{"start":{"line":14,"column":4},"end":{"line":14,"column":null}},{"start":{},"end":{}}],"line":14},"2":{"loc":{"start":{"line":15,"column":11},"end":{"line":15,"column":null}},"type":"binary-expr","locations":[{"start":{"line":15,"column":11},"end":{"line":15,"column":26}},{"start":{"line":15,"column":26},"end":{"line":15,"column":null}}],"line":15},"3":{"loc":{"start":{"line":23,"column":4},"end":{"line":23,"column":null}},"type":"if","locations":[{"start":{"line":23,"column":4},"end":{"line":23,"column":null}},{"start":{},"end":{}}],"line":23},"4":{"loc":{"start":{"line":25,"column":4},"end":{"line":25,"column":null}},"type":"if","locations":[{"start":{"line":25,"column":4},"end":{"line":25,"column":null}},{"start":{},"end":{}}],"line":25},"5":{"loc":{"start":{"line":27,"column":11},"end":{"line":27,"column":null}},"type":"cond-expr","locations":[{"start":{"line":27,"column":37},"end":{"line":27,"column":46}},{"start":{"line":27,"column":46},"end":{"line":27,"column":null}}],"line":27},"6":{"loc":{"start":{"line":50,"column":8},"end":{"line":50,"column":null}},"type":"cond-expr","locations":[{"start":{"line":50,"column":24},"end":{"line":50,"column":30}},{"start":{"line":50,"column":30},"end":{"line":50,"column":null}}],"line":50},"7":{"loc":{"start":{"line":68,"column":6},"end":{"line":68,"column":null}},"type":"if","locations":[{"start":{"line":68,"column":6},"end":{"line":68,"column":null}},{"start":{},"end":{}}],"line":68},"8":{"loc":{"start":{"line":95,"column":19},"end":{"line":95,"column":null}},"type":"cond-expr","locations":[{"start":{"line":95,"column":35},"end":{"line":95,"column":58}},{"start":{"line":95,"column":58},"end":{"line":95,"column":null}}],"line":95},"9":{"loc":{"start":{"line":97,"column":13},"end":{"line":100,"column":null}},"type":"cond-expr","locations":[{"start":{"line":98,"column":14},"end":{"line":98,"column":null}},{"start":{"line":100,"column":14},"end":{"line":100,"column":null}}],"line":97},"10":{"loc":{"start":{"line":114,"column":12},"end":{"line":116,"column":null}},"type":"cond-expr","locations":[{"start":{"line":115,"column":16},"end":{"line":115,"column":null}},{"start":{"line":116,"column":16},"end":{"line":116,"column":null}}],"line":114},"11":{"loc":{"start":{"line":119,"column":11},"end":{"line":119,"column":null}},"type":"binary-expr","locations":[{"start":{"line":119,"column":11},"end":{"line":119,"column":29}},{"start":{"line":119,"column":29},"end":{"line":119,"column":null}}],"line":119}},"s":{"0":0,"1":0,"2":0,"3":0,"4":0,"5":0,"6":0,"7":0,"8":0,"9":0,"10":0,"11":0,"12":0,"13":0,"14":0,"15":0,"16":0,"17":0,"18":0,"19":0,"20":0,"21":0,"22":0,"23":0,"24":0,"25":0,"26":0,"27":0,"28":0,"29":0,"30":0,"31":0,"32":0,"33":0,"34":0,"35":0,"36":0,"37":0,"38":0,"39":0,"40":0,"41":0,"42":0,"43":0,"44":0,"45":0,"46":0,"47":0,"48":0,"49":0},"f":{"0":0,"1":0,"2":0,"3":0,"4":0,"5":0,"6":0,"7":0,"8":0,"9":0,"10":0,"11":0,"12":0,"13":0,"14":0},"b":{"0":[0,0],"1":[0,0],"2":[0,0],"3":[0,0],"4":[0,0],"5":[0,0],"6":[0,0],"7":[0,0],"8":[0,0],"9":[0,0],"10":[0,0],"11":[0,0]},"meta":{"lastBranch":12,"lastFunction":15,"lastStatement":50,"seen":{"f:10:9:10:24":0,"s:11:2:18:Infinity":0,"b:12:4:12:Infinity:undefined:undefined:undefined:undefined":0,"s:12:4:12:Infinity":1,"s:12:39:12:Infinity":2,"s:13:16:13:Infinity":3,"b:14:4:14:Infinity:undefined:undefined:undefined:undefined":1,"s:14:4:14:Infinity":4,"s:14:21:14:Infinity":5,"s:15:4:15:Infinity":6,"b:15:11:15:26:15:26:15:Infinity":2,"s:17:4:17:Infinity":7,"f:21:9:21:26":1,"s:22:2:30:Infinity":8,"b:23:4:23:Infinity:undefined:undefined:undefined:undefined":3,"s:23:4:23:Infinity":9,"s:23:39:23:Infinity":10,"s:24:16:24:Infinity":11,"b:25:4:25:Infinity:undefined:undefined:undefined:undefined":4,"s:25:4:25:Infinity":12,"s:25:21:25:Infinity":13,"s:26:19:26:Infinity":14,"s:27:4:27:Infinity":15,"b:27:37:27:46:27:46:27:Infinity":5,"s:29:4:29:Infinity":16,"f:33:9:33:15":2,"s:34:2:34:Infinity":17,"f:37:16:37:23":3,"s:38:40:40:Infinity":18,"f:38:53:38:Infinity":4,"s:39:4:39:Infinity":19,"s:41:38:43:Infinity":20,"f:41:51:41:Infinity":5,"s:42:4:42:Infinity":21,"s:44:8:44:Infinity":22,"s:46:2:55:Infinity":23,"f:46:12:46:18":6,"s:47:4:54:Infinity":24,"s:48:6:51:Infinity":25,"b:50:24:50:30:50:30:50:Infinity":6,"s:57:2:63:Infinity":26,"f:57:12:57:18":7,"s:58:4:62:Infinity":27,"s:59:6:59:Infinity":28,"s:65:2:85:Infinity":29,"f:65:12:65:18":8,"s:66:23:71:Infinity":30,"f:66:23:66:24":9,"s:67:16:67:Infinity":31,"b:68:6:68:Infinity:undefined:undefined:undefined:undefined":7,"s:68:6:68:Infinity":32,"s:68:14:68:Infinity":33,"s:69:17:69:Infinity":34,"s:70:6:70:Infinity":35,"s:73:21:75:Infinity":36,"f:73:21:73:27":10,"s:74:6:74:Infinity":37,"s:77:4:77:Infinity":38,"s:78:4:78:Infinity":39,"s:79:4:79:Infinity":40,"s:80:4:84:Infinity":41,"f:80:11:80:17":11,"s:81:6:81:Infinity":42,"s:82:6:82:Infinity":43,"s:83:6:83:Infinity":44,"s:87:2:148:Infinity":45,"f:93:21:93:27":12,"s:93:27:93:Infinity":46,"f:93:44:93:45":13,"s:93:51:93:53":47,"b:95:35:95:58:95:58:95:Infinity":8,"b:98:14:98:Infinity:100:14:100:Infinity":9,"b:115:16:115:Infinity:116:16:116:Infinity":10,"b:119:11:119:29:119:29:119:Infinity":11,"f:131:27:131:28":14,"s:132:14:132:Infinity":48,"s:133:15:135:Infinity":49}}}
,"C:\\Users\\cscat\\OneDrive\\Desktop\\Bot-Discord\\frontend\\src\\components\\ErrorBoundary.tsx": {"path":"C:\\Users\\cscat\\OneDrive\\Desktop\\Bot-Discord\\frontend\\src\\components\\ErrorBoundary.tsx","statementMap":{"0":{"start":{"line":15,"column":4},"end":{"line":15,"column":null}},"1":{"start":{"line":16,"column":4},"end":{"line":16,"column":null}},"2":{"start":{"line":20,"column":4},"end":{"line":20,"column":null}},"3":{"start":{"line":24,"column":4},"end":{"line":24,"column":null}},"4":{"start":{"line":28,"column":4},"end":{"line":65,"column":null}},"5":{"start":{"line":29,"column":6},"end":{"line":31,"column":null}},"6":{"start":{"line":30,"column":8},"end":{"line":30,"column":null}},"7":{"start":{"line":33,"column":6},"end":{"line":63,"column":null}},"8":{"start":{"line":56,"column":31},"end":{"line":56,"column":null}},"9":{"start":{"line":67,"column":4},"end":{"line":67,"column":null}}},"fnMap":{"0":{"name":"(anonymous_0)","decl":{"start":{"line":14,"column":2},"end":{"line":14,"column":14}},"loc":{"start":{"line":14,"column":28},"end":{"line":17,"column":null}},"line":14},"1":{"name":"(anonymous_1)","decl":{"start":{"line":19,"column":9},"end":{"line":19,"column":34}},"loc":{"start":{"line":19,"column":55},"end":{"line":21,"column":null}},"line":19},"2":{"name":"(anonymous_2)","decl":{"start":{"line":23,"column":2},"end":{"line":23,"column":20}},"loc":{"start":{"line":23,"column":56},"end":{"line":25,"column":null}},"line":23},"3":{"name":"(anonymous_3)","decl":{"start":{"line":27,"column":2},"end":{"line":27,"column":11}},"loc":{"start":{"line":27,"column":11},"end":{"line":68,"column":null}},"line":27},"4":{"name":"(anonymous_4)","decl":{"start":{"line":56,"column":25},"end":{"line":56,"column":31}},"loc":{"start":{"line":56,"column":31},"end":{"line":56,"column":null}},"line":56}},"branchMap":{"0":{"loc":{"start":{"line":28,"column":4},"end":{"line":65,"column":null}},"type":"if","locations":[{"start":{"line":28,"column":4},"end":{"line":65,"column":null}},{"start":{},"end":{}}],"line":28},"1":{"loc":{"start":{"line":29,"column":6},"end":{"line":31,"column":null}},"type":"if","locations":[{"start":{"line":29,"column":6},"end":{"line":31,"column":null}},{"start":{},"end":{}}],"line":29},"2":{"loc":{"start":{"line":45,"column":15},"end":{"line":53,"column":null}},"type":"binary-expr","locations":[{"start":{"line":45,"column":15},"end":{"line":45,"column":null}},{"start":{"line":46,"column":16},"end":{"line":53,"column":null}}],"line":45}},"s":{"0":0,"1":0,"2":0,"3":0,"4":0,"5":0,"6":0,"7":0,"8":0,"9":0},"f":{"0":0,"1":1,"2":0,"3":0,"4":0},"b":{"0":[0,0],"1":[0,0],"2":[0,0]},"meta":{"lastBranch":3,"lastFunction":5,"lastStatement":10,"seen":{"f:14:2:14:14":0,"s:15:4:15:Infinity":0,"s:16:4:16:Infinity":1,"f:19:9:19:34":1,"s:20:4:20:Infinity":2,"f:23:2:23:20":2,"s:24:4:24:Infinity":3,"f:27:2:27:11":3,"b:28:4:65:Infinity:undefined:undefined:undefined:undefined":0,"s:28:4:65:Infinity":4,"b:29:6:31:Infinity:undefined:undefined:undefined:undefined":1,"s:29:6:31:Infinity":5,"s:30:8:30:Infinity":6,"s:33:6:63:Infinity":7,"b:45:15:45:Infinity:46:16:53:Infinity":2,"f:56:25:56:31":4,"s:56:31:56:Infinity":8,"s:67:4:67:Infinity":9}}}
,"C:\\Users\\cscat\\OneDrive\\Desktop\\Bot-Discord\\frontend\\src\\config\\env.ts": {"path":"C:\\Users\\cscat\\OneDrive\\Desktop\\Bot-Discord\\frontend\\src\\config\\env.ts","statementMap":{"0":{"start":{"line":7,"column":2},"end":{"line":7,"column":null}},"1":{"start":{"line":9,"column":2},"end":{"line":9,"column":null}}},"fnMap":{},"branchMap":{"0":{"loc":{"start":{"line":7,"column":2},"end":{"line":7,"column":null}},"type":"binary-expr","locations":[{"start":{"line":7,"column":2},"end":{"line":7,"column":34}},{"start":{"line":7,"column":34},"end":{"line":7,"column":null}}],"line":7},"1":{"loc":{"start":{"line":9,"column":2},"end":{"line":9,"column":null}},"type":"binary-expr","locations":[{"start":{"line":9,"column":2},"end":{"line":9,"column":37}},{"start":{"line":9,"column":37},"end":{"line":9,"column":null}}],"line":9}},"s":{"0":6,"1":6},"f":{},"b":{"0":[6,6],"1":[6,6]},"meta":{"lastBranch":2,"lastFunction":0,"lastStatement":2,"seen":{"s:7:2:7:Infinity":0,"b:7:2:7:34:7:34:7:Infinity":0,"s:9:2:9:Infinity":1,"b:9:2:9:37:9:37:9:Infinity":1}}}
,"C:\\Users\\cscat\\OneDrive\\Desktop\\Bot-Discord\\frontend\\src\\features\\discord\\components\\BotProfileEditor.tsx": {"path":"C:\\Users\\cscat\\OneDrive\\Desktop\\Bot-Discord\\frontend\\src\\features\\discord\\components\\BotProfileEditor.tsx","statementMap":{"0":{"start":{"line":24,"column":30},"end":{"line":24,"column":null}},"1":{"start":{"line":25,"column":40},"end":{"line":27,"column":null}},"2":{"start":{"line":28,"column":34},"end":{"line":28,"column":null}},"3":{"start":{"line":29,"column":30},"end":{"line":29,"column":null}},"4":{"start":{"line":30,"column":24},"end":{"line":30,"column":null}},"5":{"start":{"line":31,"column":44},"end":{"line":31,"column":null}},"6":{"start":{"line":32,"column":50},"end":{"line":34,"column":null}},"7":{"start":{"line":35,"column":38},"end":{"line":35,"column":null}},"8":{"start":{"line":38,"column":27},"end":{"line":67,"column":null}},"9":{"start":{"line":39,"column":4},"end":{"line":42,"column":null}},"10":{"start":{"line":40,"column":6},"end":{"line":40,"column":null}},"11":{"start":{"line":41,"column":6},"end":{"line":41,"column":null}},"12":{"start":{"line":45,"column":24},"end":{"line":53,"column":null}},"13":{"start":{"line":54,"column":21},"end":{"line":56,"column":null}},"14":{"start":{"line":55,"column":6},"end":{"line":55,"column":null}},"15":{"start":{"line":58,"column":4},"end":{"line":66,"column":null}},"16":{"start":{"line":59,"column":6},"end":{"line":61,"column":null}},"17":{"start":{"line":62,"column":4},"end":{"line":66,"column":null}},"18":{"start":{"line":63,"column":6},"end":{"line":63,"column":null}},"19":{"start":{"line":65,"column":6},"end":{"line":65,"column":null}},"20":{"start":{"line":69,"column":31},"end":{"line":73,"column":null}},"21":{"start":{"line":70,"column":4},"end":{"line":70,"column":null}},"22":{"start":{"line":71,"column":4},"end":{"line":71,"column":null}},"23":{"start":{"line":72,"column":4},"end":{"line":72,"column":null}},"24":{"start":{"line":76,"column":2},"end":{"line":119,"column":null}},"25":{"start":{"line":78,"column":24},"end":{"line":78,"column":null}},"26":{"start":{"line":79,"column":4},"end":{"line":91,"column":null}},"27":{"start":{"line":80,"column":24},"end":{"line":80,"column":null}},"28":{"start":{"line":81,"column":18},"end":{"line":81,"column":null}},"29":{"start":{"line":83,"column":6},"end":{"line":90,"column":null}},"30":{"start":{"line":84,"column":34},"end":{"line":84,"column":null}},"31":{"start":{"line":85,"column":8},"end":{"line":85,"column":null}},"32":{"start":{"line":86,"column":8},"end":{"line":86,"column":null}},"33":{"start":{"line":89,"column":8},"end":{"line":89,"column":null}},"34":{"start":{"line":93,"column":4},"end":{"line":118,"column":null}},"35":{"start":{"line":94,"column":34},"end":{"line":94,"column":null}},"36":{"start":{"line":95,"column":32},"end":{"line":98,"column":null}},"37":{"start":{"line":100,"column":6},"end":{"line":117,"column":null}},"38":{"start":{"line":101,"column":8},"end":{"line":101,"column":null}},"39":{"start":{"line":103,"column":22},"end":{"line":112,"column":null}},"40":{"start":{"line":104,"column":10},"end":{"line":111,"column":null}},"41":{"start":{"line":105,"column":12},"end":{"line":109,"column":null}},"42":{"start":{"line":106,"column":14},"end":{"line":106,"column":null}},"43":{"start":{"line":107,"column":14},"end":{"line":107,"column":null}},"44":{"start":{"line":108,"column":14},"end":{"line":108,"column":null}},"45":{"start":{"line":110,"column":12},"end":{"line":110,"column":null}},"46":{"start":{"line":114,"column":8},"end":{"line":114,"column":null}},"47":{"start":{"line":114,"column":21},"end":{"line":114,"column":null}},"48":{"start":{"line":116,"column":8},"end":{"line":116,"column":null}},"49":{"start":{"line":121,"column":21},"end":{"line":186,"column":null}},"50":{"start":{"line":123,"column":4},"end":{"line":128,"column":null}},"51":{"start":{"line":124,"column":6},"end":{"line":126,"column":null}},"52":{"start":{"line":127,"column":6},"end":{"line":127,"column":null}},"53":{"start":{"line":131,"column":24},"end":{"line":131,"column":null}},"54":{"start":{"line":132,"column":4},"end":{"line":145,"column":null}},"55":{"start":{"line":133,"column":24},"end":{"line":133,"column":null}},"56":{"start":{"line":134,"column":18},"end":{"line":134,"column":null}},"57":{"start":{"line":136,"column":6},"end":{"line":144,"column":null}},"58":{"start":{"line":137,"column":34},"end":{"line":137,"column":null}},"59":{"start":{"line":138,"column":8},"end":{"line":138,"column":null}},"60":{"start":{"line":139,"column":8},"end":{"line":139,"column":null}},"61":{"start":{"line":140,"column":8},"end":{"line":142,"column":null}},"62":{"start":{"line":143,"column":8},"end":{"line":143,"column":null}},"63":{"start":{"line":148,"column":4},"end":{"line":151,"column":null}},"64":{"start":{"line":149,"column":6},"end":{"line":149,"column":null}},"65":{"start":{"line":150,"column":6},"end":{"line":150,"column":null}},"66":{"start":{"line":153,"column":4},"end":{"line":153,"column":null}},"67":{"start":{"line":154,"column":4},"end":{"line":154,"column":null}},"68":{"start":{"line":156,"column":4},"end":{"line":185,"column":null}},"69":{"start":{"line":157,"column":65},"end":{"line":157,"column":null}},"70":{"start":{"line":159,"column":6},"end":{"line":162,"column":null}},"71":{"start":{"line":160,"column":8},"end":{"line":160,"column":null}},"72":{"start":{"line":161,"column":8},"end":{"line":161,"column":null}},"73":{"start":{"line":164,"column":6},"end":{"line":166,"column":null}},"74":{"start":{"line":165,"column":8},"end":{"line":165,"column":null}},"75":{"start":{"line":168,"column":6},"end":{"line":172,"column":null}},"76":{"start":{"line":169,"column":8},"end":{"line":169,"column":null}},"77":{"start":{"line":170,"column":8},"end":{"line":170,"column":null}},"78":{"start":{"line":171,"column":8},"end":{"line":171,"column":null}},"79":{"start":{"line":174,"column":6},"end":{"line":174,"column":null}},"80":{"start":{"line":175,"column":6},"end":{"line":175,"column":null}},"81":{"start":{"line":177,"column":6},"end":{"line":177,"column":null}},"82":{"start":{"line":180,"column":6},"end":{"line":182,"column":null}},"83":{"start":{"line":181,"column":8},"end":{"line":181,"column":null}},"84":{"start":{"line":184,"column":6},"end":{"line":184,"column":null}},"85":{"start":{"line":188,"column":29},"end":{"line":200,"column":null}},"86":{"start":{"line":189,"column":17},"end":{"line":189,"column":null}},"87":{"start":{"line":190,"column":4},"end":{"line":199,"column":null}},"88":{"start":{"line":192,"column":6},"end":{"line":192,"column":null}},"89":{"start":{"line":193,"column":21},"end":{"line":193,"column":null}},"90":{"start":{"line":194,"column":6},"end":{"line":196,"column":null}},"91":{"start":{"line":195,"column":8},"end":{"line":195,"column":null}},"92":{"start":{"line":197,"column":6},"end":{"line":197,"column":null}},"93":{"start":{"line":198,"column":6},"end":{"line":198,"column":null}},"94":{"start":{"line":202,"column":22},"end":{"line":208,"column":null}},"95":{"start":{"line":203,"column":4},"end":{"line":203,"column":null}},"96":{"start":{"line":204,"column":4},"end":{"line":204,"column":null}},"97":{"start":{"line":205,"column":4},"end":{"line":205,"column":null}},"98":{"start":{"line":206,"column":4},"end":{"line":206,"column":null}},"99":{"start":{"line":207,"column":4},"end":{"line":207,"column":null}},"100":{"start":{"line":210,"column":2},"end":{"line":210,"column":null}},"101":{"start":{"line":210,"column":15},"end":{"line":210,"column":null}},"102":{"start":{"line":212,"column":2},"end":{"line":404,"column":null}},"103":{"start":{"line":314,"column":33},"end":{"line":314,"column":null}},"104":{"start":{"line":336,"column":22},"end":{"line":342,"column":null}},"105":{"start":{"line":338,"column":39},"end":{"line":338,"column":null}}},"fnMap":{"0":{"name":"BotProfileEditor","decl":{"start":{"line":18,"column":16},"end":{"line":18,"column":33}},"loc":{"start":{"line":23,"column":26},"end":{"line":406,"column":null}},"line":23},"1":{"name":"(anonymous_1)","decl":{"start":{"line":38,"column":27},"end":{"line":38,"column":28}},"loc":{"start":{"line":38,"column":46},"end":{"line":67,"column":null}},"line":38},"2":{"name":"(anonymous_2)","decl":{"start":{"line":54,"column":38},"end":{"line":54,"column":39}},"loc":{"start":{"line":55,"column":6},"end":{"line":55,"column":null}},"line":55},"3":{"name":"(anonymous_3)","decl":{"start":{"line":69,"column":31},"end":{"line":69,"column":32}},"loc":{"start":{"line":69,"column":50},"end":{"line":73,"column":null}},"line":69},"4":{"name":"(anonymous_4)","decl":{"start":{"line":76,"column":12},"end":{"line":76,"column":18}},"loc":{"start":{"line":76,"column":18},"end":{"line":119,"column":5}},"line":76},"5":{"name":"(anonymous_5)","decl":{"start":{"line":103,"column":34},"end":{"line":103,"column":40}},"loc":{"start":{"line":103,"column":40},"end":{"line":112,"column":11}},"line":103},"6":{"name":"(anonymous_6)","decl":{"start":{"line":104,"column":26},"end":{"line":104,"column":27}},"loc":{"start":{"line":104,"column":36},"end":{"line":111,"column":11}},"line":104},"7":{"name":"(anonymous_7)","decl":{"start":{"line":114,"column":15},"end":{"line":114,"column":21}},"loc":{"start":{"line":114,"column":21},"end":{"line":114,"column":null}},"line":114},"8":{"name":"(anonymous_8)","decl":{"start":{"line":121,"column":21},"end":{"line":121,"column":33}},"loc":{"start":{"line":121,"column":33},"end":{"line":186,"column":null}},"line":121},"9":{"name":"(anonymous_9)","decl":{"start":{"line":188,"column":29},"end":{"line":188,"column":30}},"loc":{"start":{"line":188,"column":77},"end":{"line":200,"column":null}},"line":188},"10":{"name":"(anonymous_10)","decl":{"start":{"line":194,"column":22},"end":{"line":194,"column":23}},"loc":{"start":{"line":194,"column":29},"end":{"line":196,"column":null}},"line":194},"11":{"name":"(anonymous_11)","decl":{"start":{"line":202,"column":22},"end":{"line":202,"column":28}},"loc":{"start":{"line":202,"column":28},"end":{"line":208,"column":null}},"line":202},"12":{"name":"(anonymous_12)","decl":{"start":{"line":314,"column":26},"end":{"line":314,"column":27}},"loc":{"start":{"line":314,"column":33},"end":{"line":314,"column":null}},"line":314},"13":{"name":"(anonymous_13)","decl":{"start":{"line":335,"column":26},"end":{"line":335,"column":27}},"loc":{"start":{"line":336,"column":22},"end":{"line":342,"column":null}},"line":336},"14":{"name":"(anonymous_14)","decl":{"start":{"line":338,"column":33},"end":{"line":338,"column":39}},"loc":{"start":{"line":338,"column":39},"end":{"line":338,"column":null}},"line":338}},"branchMap":{"0":{"loc":{"start":{"line":24,"column":43},"end":{"line":24,"column":74}},"type":"binary-expr","locations":[{"start":{"line":24,"column":43},"end":{"line":24,"column":72}},{"start":{"line":24,"column":72},"end":{"line":24,"column":74}}],"line":24},"1":{"loc":{"start":{"line":26,"column":4},"end":{"line":26,"column":null}},"type":"binary-expr","locations":[{"start":{"line":26,"column":4},"end":{"line":26,"column":34}},{"start":{"line":26,"column":34},"end":{"line":26,"column":null}}],"line":26},"2":{"loc":{"start":{"line":39,"column":4},"end":{"line":42,"column":null}},"type":"if","locations":[{"start":{"line":39,"column":4},"end":{"line":42,"column":null}},{"start":{},"end":{}}],"line":39},"3":{"loc":{"start":{"line":58,"column":4},"end":{"line":66,"column":null}},"type":"if","locations":[{"start":{"line":58,"column":4},"end":{"line":66,"column":null}},{"start":{"line":62,"column":4},"end":{"line":66,"column":null}}],"line":58},"4":{"loc":{"start":{"line":58,"column":8},"end":{"line":58,"column":39}},"type":"binary-expr","locations":[{"start":{"line":58,"column":8},"end":{"line":58,"column":20}},{"start":{"line":58,"column":20},"end":{"line":58,"column":39}}],"line":58},"5":{"loc":{"start":{"line":62,"column":4},"end":{"line":66,"column":null}},"type":"if","locations":[{"start":{"line":62,"column":4},"end":{"line":66,"column":null}},{"start":{"line":64,"column":11},"end":{"line":66,"column":null}}],"line":62},"6":{"loc":{"start":{"line":79,"column":4},"end":{"line":91,"column":null}},"type":"if","locations":[{"start":{"line":79,"column":4},"end":{"line":91,"column":null}},{"start":{},"end":{}}],"line":79},"7":{"loc":{"start":{"line":83,"column":6},"end":{"line":90,"column":null}},"type":"if","locations":[{"start":{"line":83,"column":6},"end":{"line":90,"column":null}},{"start":{"line":87,"column":13},"end":{"line":90,"column":null}}],"line":83},"8":{"loc":{"start":{"line":93,"column":4},"end":{"line":118,"column":null}},"type":"if","locations":[{"start":{"line":93,"column":4},"end":{"line":118,"column":null}},{"start":{},"end":{}}],"line":93},"9":{"loc":{"start":{"line":100,"column":6},"end":{"line":117,"column":null}},"type":"if","locations":[{"start":{"line":100,"column":6},"end":{"line":117,"column":null}},{"start":{"line":115,"column":13},"end":{"line":117,"column":null}}],"line":100},"10":{"loc":{"start":{"line":105,"column":12},"end":{"line":109,"column":null}},"type":"if","locations":[{"start":{"line":105,"column":12},"end":{"line":109,"column":null}},{"start":{},"end":{}}],"line":105},"11":{"loc":{"start":{"line":123,"column":4},"end":{"line":128,"column":null}},"type":"if","locations":[{"start":{"line":123,"column":4},"end":{"line":128,"column":null}},{"start":{},"end":{}}],"line":123},"12":{"loc":{"start":{"line":132,"column":4},"end":{"line":145,"column":null}},"type":"if","locations":[{"start":{"line":132,"column":4},"end":{"line":145,"column":null}},{"start":{},"end":{}}],"line":132},"13":{"loc":{"start":{"line":136,"column":6},"end":{"line":144,"column":null}},"type":"if","locations":[{"start":{"line":136,"column":6},"end":{"line":144,"column":null}},{"start":{},"end":{}}],"line":136},"14":{"loc":{"start":{"line":148,"column":4},"end":{"line":151,"column":null}},"type":"if","locations":[{"start":{"line":148,"column":4},"end":{"line":151,"column":null}},{"start":{},"end":{}}],"line":148},"15":{"loc":{"start":{"line":148,"column":8},"end":{"line":148,"column":67}},"type":"binary-expr","locations":[{"start":{"line":148,"column":8},"end":{"line":148,"column":27}},{"start":{"line":148,"column":27},"end":{"line":148,"column":67}}],"line":148},"16":{"loc":{"start":{"line":159,"column":6},"end":{"line":162,"column":null}},"type":"if","locations":[{"start":{"line":159,"column":6},"end":{"line":162,"column":null}},{"start":{},"end":{}}],"line":159},"17":{"loc":{"start":{"line":159,"column":10},"end":{"line":159,"column":69}},"type":"binary-expr","locations":[{"start":{"line":159,"column":10},"end":{"line":159,"column":29}},{"start":{"line":159,"column":29},"end":{"line":159,"column":69}}],"line":159},"18":{"loc":{"start":{"line":164,"column":6},"end":{"line":166,"column":null}},"type":"if","locations":[{"start":{"line":164,"column":6},"end":{"line":166,"column":null}},{"start":{},"end":{}}],"line":164},"19":{"loc":{"start":{"line":168,"column":6},"end":{"line":172,"column":null}},"type":"if","locations":[{"start":{"line":168,"column":6},"end":{"line":172,"column":null}},{"start":{},"end":{}}],"line":168},"20":{"loc":{"start":{"line":177,"column":15},"end":{"line":177,"column":78}},"type":"cond-expr","locations":[{"start":{"line":177,"column":38},"end":{"line":177,"column":52}},{"start":{"line":177,"column":52},"end":{"line":177,"column":78}}],"line":177},"21":{"loc":{"start":{"line":180,"column":6},"end":{"line":182,"column":null}},"type":"if","locations":[{"start":{"line":180,"column":6},"end":{"line":182,"column":null}},{"start":{},"end":{}}],"line":180},"22":{"loc":{"start":{"line":180,"column":10},"end":{"line":180,"column":71}},"type":"binary-expr","locations":[{"start":{"line":180,"column":10},"end":{"line":180,"column":34}},{"start":{"line":180,"column":34},"end":{"line":180,"column":71}}],"line":180},"23":{"loc":{"start":{"line":190,"column":4},"end":{"line":199,"column":null}},"type":"if","locations":[{"start":{"line":190,"column":4},"end":{"line":199,"column":null}},{"start":{},"end":{}}],"line":190},"24":{"loc":{"start":{"line":203,"column":16},"end":{"line":203,"column":47}},"type":"binary-expr","locations":[{"start":{"line":203,"column":16},"end":{"line":203,"column":45}},{"start":{"line":203,"column":45},"end":{"line":203,"column":47}}],"line":203},"25":{"loc":{"start":{"line":204,"column":21},"end":{"line":204,"column":53}},"type":"binary-expr","locations":[{"start":{"line":204,"column":21},"end":{"line":204,"column":51}},{"start":{"line":204,"column":51},"end":{"line":204,"column":53}}],"line":204},"26":{"loc":{"start":{"line":210,"column":2},"end":{"line":210,"column":null}},"type":"if","locations":[{"start":{"line":210,"column":2},"end":{"line":210,"column":null}},{"start":{},"end":{}}],"line":210},"27":{"loc":{"start":{"line":230,"column":11},"end":{"line":260,"column":null}},"type":"binary-expr","locations":[{"start":{"line":230,"column":11},"end":{"line":230,"column":null}},{"start":{"line":231,"column":12},"end":{"line":260,"column":null}}],"line":230},"28":{"loc":{"start":{"line":234,"column":19},"end":{"line":243,"column":null}},"type":"cond-expr","locations":[{"start":{"line":235,"column":20},"end":{"line":239,"column":null}},{"start":{"line":241,"column":20},"end":{"line":243,"column":null}}],"line":234},"29":{"loc":{"start":{"line":249,"column":21},"end":{"line":252,"column":null}},"type":"binary-expr","locations":[{"start":{"line":249,"column":21},"end":{"line":249,"column":null}},{"start":{"line":250,"column":22},"end":{"line":252,"column":null}}],"line":249},"30":{"loc":{"start":{"line":276,"column":19},"end":{"line":285,"column":null}},"type":"cond-expr","locations":[{"start":{"line":277,"column":20},"end":{"line":281,"column":null}},{"start":{"line":283,"column":20},"end":{"line":285,"column":null}}],"line":276},"31":{"loc":{"start":{"line":324,"column":15},"end":{"line":345,"column":null}},"type":"binary-expr","locations":[{"start":{"line":324,"column":15},"end":{"line":324,"column":34}},{"start":{"line":324,"column":34},"end":{"line":324,"column":null}},{"start":{"line":325,"column":16},"end":{"line":345,"column":null}}],"line":324},"32":{"loc":{"start":{"line":348,"column":15},"end":{"line":353,"column":null}},"type":"binary-expr","locations":[{"start":{"line":348,"column":15},"end":{"line":348,"column":34}},{"start":{"line":348,"column":34},"end":{"line":348,"column":null}},{"start":{"line":349,"column":16},"end":{"line":353,"column":null}}],"line":348},"33":{"loc":{"start":{"line":359,"column":11},"end":{"line":362,"column":null}},"type":"binary-expr","locations":[{"start":{"line":359,"column":11},"end":{"line":359,"column":null}},{"start":{"line":360,"column":12},"end":{"line":362,"column":null}}],"line":359},"34":{"loc":{"start":{"line":376,"column":16},"end":{"line":380,"column":null}},"type":"binary-expr","locations":[{"start":{"line":376,"column":16},"end":{"line":376,"column":null}},{"start":{"line":377,"column":16},"end":{"line":377,"column":null}},{"start":{"line":378,"column":16},"end":{"line":380,"column":null}}],"line":376},"35":{"loc":{"start":{"line":379,"column":18},"end":{"line":379,"column":null}},"type":"binary-expr","locations":[{"start":{"line":379,"column":18},"end":{"line":379,"column":37}},{"start":{"line":379,"column":37},"end":{"line":379,"column":null}}],"line":379},"36":{"loc":{"start":{"line":384,"column":15},"end":{"line":398,"column":null}},"type":"cond-expr","locations":[{"start":{"line":385,"column":16},"end":{"line":388,"column":null}},{"start":{"line":389,"column":18},"end":{"line":398,"column":null}}],"line":384},"37":{"loc":{"start":{"line":389,"column":18},"end":{"line":398,"column":null}},"type":"cond-expr","locations":[{"start":{"line":390,"column":16},"end":{"line":393,"column":null}},{"start":{"line":395,"column":16},"end":{"line":398,"column":null}}],"line":389}},"s":{"0":2,"1":2,"2":2,"3":2,"4":2,"5":2,"6":2,"7":2,"8":2,"9":0,"10":0,"11":0,"12":0,"13":0,"14":0,"15":0,"16":0,"17":0,"18":0,"19":0,"20":2,"21":0,"22":0,"23":0,"24":2,"25":2,"26":2,"27":0,"28":0,"29":0,"30":0,"31":0,"32":0,"33":0,"34":2,"35":0,"36":0,"37":0,"38":0,"39":0,"40":0,"41":0,"42":0,"43":0,"44":0,"45":0,"46":0,"47":0,"48":0,"49":2,"50":0,"51":0,"52":0,"53":0,"54":0,"55":0,"56":0,"57":0,"58":0,"59":0,"60":0,"61":0,"62":0,"63":0,"64":0,"65":0,"66":0,"67":0,"68":0,"69":0,"70":0,"71":0,"72":0,"73":0,"74":0,"75":0,"76":0,"77":0,"78":0,"79":0,"80":0,"81":0,"82":0,"83":0,"84":0,"85":2,"86":0,"87":0,"88":0,"89":0,"90":0,"91":0,"92":0,"93":0,"94":2,"95":0,"96":0,"97":0,"98":0,"99":0,"100":2,"101":0,"102":2,"103":0,"104":0,"105":0},"f":{"0":2,"1":0,"2":0,"3":0,"4":2,"5":0,"6":0,"7":0,"8":0,"9":0,"10":0,"11":0,"12":0,"13":0,"14":0},"b":{"0":[2,1],"1":[2,1],"2":[0,0],"3":[0,0],"4":[0,0],"5":[0,0],"6":[0,2],"7":[0,0],"8":[0,2],"9":[0,0],"10":[0,0],"11":[0,0],"12":[0,0],"13":[0,0],"14":[0,0],"15":[0,0],"16":[0,0],"17":[0,0],"18":[0,0],"19":[0,0],"20":[0,0],"21":[0,0],"22":[0,0],"23":[0,0],"24":[0,0],"25":[0,0],"26":[0,2],"27":[2,1],"28":[1,0],"29":[1,1],"30":[1,1],"31":[2,0,0],"32":[2,0,0],"33":[2,0],"34":[2,2,2],"35":[2,0],"36":[0,2],"37":[0,2]},"meta":{"lastBranch":38,"lastFunction":15,"lastStatement":106,"seen":{"f:18:16:18:33":0,"s:24:30:24:Infinity":0,"b:24:43:24:72:24:72:24:74":0,"s:25:40:27:Infinity":1,"b:26:4:26:34:26:34:26:Infinity":1,"s:28:34:28:Infinity":2,"s:29:30:29:Infinity":3,"s:30:24:30:Infinity":4,"s:31:44:31:Infinity":5,"s:32:50:34:Infinity":6,"s:35:38:35:Infinity":7,"s:38:27:67:Infinity":8,"f:38:27:38:28":1,"b:39:4:42:Infinity:undefined:undefined:undefined:undefined":2,"s:39:4:42:Infinity":9,"s:40:6:40:Infinity":10,"s:41:6:41:Infinity":11,"s:45:24:53:Infinity":12,"s:54:21:56:Infinity":13,"f:54:38:54:39":2,"s:55:6:55:Infinity":14,"b:58:4:66:Infinity:62:4:66:Infinity":3,"s:58:4:66:Infinity":15,"b:58:8:58:20:58:20:58:39":4,"s:59:6:61:Infinity":16,"b:62:4:66:Infinity:64:11:66:Infinity":5,"s:62:4:66:Infinity":17,"s:63:6:63:Infinity":18,"s:65:6:65:Infinity":19,"s:69:31:73:Infinity":20,"f:69:31:69:32":3,"s:70:4:70:Infinity":21,"s:71:4:71:Infinity":22,"s:72:4:72:Infinity":23,"s:76:2:119:Infinity":24,"f:76:12:76:18":4,"s:78:24:78:Infinity":25,"b:79:4:91:Infinity:undefined:undefined:undefined:undefined":6,"s:79:4:91:Infinity":26,"s:80:24:80:Infinity":27,"s:81:18:81:Infinity":28,"b:83:6:90:Infinity:87:13:90:Infinity":7,"s:83:6:90:Infinity":29,"s:84:34:84:Infinity":30,"s:85:8:85:Infinity":31,"s:86:8:86:Infinity":32,"s:89:8:89:Infinity":33,"b:93:4:118:Infinity:undefined:undefined:undefined:undefined":8,"s:93:4:118:Infinity":34,"s:94:34:94:Infinity":35,"s:95:32:98:Infinity":36,"b:100:6:117:Infinity:115:13:117:Infinity":9,"s:100:6:117:Infinity":37,"s:101:8:101:Infinity":38,"s:103:22:112:Infinity":39,"f:103:34:103:40":5,"s:104:10:111:Infinity":40,"f:104:26:104:27":6,"b:105:12:109:Infinity:undefined:undefined:undefined:undefined":10,"s:105:12:109:Infinity":41,"s:106:14:106:Infinity":42,"s:107:14:107:Infinity":43,"s:108:14:108:Infinity":44,"s:110:12:110:Infinity":45,"s:114:8:114:Infinity":46,"f:114:15:114:21":7,"s:114:21:114:Infinity":47,"s:116:8:116:Infinity":48,"s:121:21:186:Infinity":49,"f:121:21:121:33":8,"b:123:4:128:Infinity:undefined:undefined:undefined:undefined":11,"s:123:4:128:Infinity":50,"s:124:6:126:Infinity":51,"s:127:6:127:Infinity":52,"s:131:24:131:Infinity":53,"b:132:4:145:Infinity:undefined:undefined:undefined:undefined":12,"s:132:4:145:Infinity":54,"s:133:24:133:Infinity":55,"s:134:18:134:Infinity":56,"b:136:6:144:Infinity:undefined:undefined:undefined:undefined":13,"s:136:6:144:Infinity":57,"s:137:34:137:Infinity":58,"s:138:8:138:Infinity":59,"s:139:8:139:Infinity":60,"s:140:8:142:Infinity":61,"s:143:8:143:Infinity":62,"b:148:4:151:Infinity:undefined:undefined:undefined:undefined":14,"s:148:4:151:Infinity":63,"b:148:8:148:27:148:27:148:67":15,"s:149:6:149:Infinity":64,"s:150:6:150:Infinity":65,"s:153:4:153:Infinity":66,"s:154:4:154:Infinity":67,"s:156:4:185:Infinity":68,"s:157:65:157:Infinity":69,"b:159:6:162:Infinity:undefined:undefined:undefined:undefined":16,"s:159:6:162:Infinity":70,"b:159:10:159:29:159:29:159:69":17,"s:160:8:160:Infinity":71,"s:161:8:161:Infinity":72,"b:164:6:166:Infinity:undefined:undefined:undefined:undefined":18,"s:164:6:166:Infinity":73,"s:165:8:165:Infinity":74,"b:168:6:172:Infinity:undefined:undefined:undefined:undefined":19,"s:168:6:172:Infinity":75,"s:169:8:169:Infinity":76,"s:170:8:170:Infinity":77,"s:171:8:171:Infinity":78,"s:174:6:174:Infinity":79,"s:175:6:175:Infinity":80,"s:177:6:177:Infinity":81,"b:177:38:177:52:177:52:177:78":20,"b:180:6:182:Infinity:undefined:undefined:undefined:undefined":21,"s:180:6:182:Infinity":82,"b:180:10:180:34:180:34:180:71":22,"s:181:8:181:Infinity":83,"s:184:6:184:Infinity":84,"s:188:29:200:Infinity":85,"f:188:29:188:30":9,"s:189:17:189:Infinity":86,"b:190:4:199:Infinity:undefined:undefined:undefined:undefined":23,"s:190:4:199:Infinity":87,"s:192:6:192:Infinity":88,"s:193:21:193:Infinity":89,"s:194:6:196:Infinity":90,"f:194:22:194:23":10,"s:195:8:195:Infinity":91,"s:197:6:197:Infinity":92,"s:198:6:198:Infinity":93,"s:202:22:208:Infinity":94,"f:202:22:202:28":11,"s:203:4:203:Infinity":95,"b:203:16:203:45:203:45:203:47":24,"s:204:4:204:Infinity":96,"b:204:21:204:51:204:51:204:53":25,"s:205:4:205:Infinity":97,"s:206:4:206:Infinity":98,"s:207:4:207:Infinity":99,"b:210:2:210:Infinity:undefined:undefined:undefined:undefined":26,"s:210:2:210:Infinity":100,"s:210:15:210:Infinity":101,"s:212:2:404:Infinity":102,"b:230:11:230:Infinity:231:12:260:Infinity":27,"b:235:20:239:Infinity:241:20:243:Infinity":28,"b:249:21:249:Infinity:250:22:252:Infinity":29,"b:277:20:281:Infinity:283:20:285:Infinity":30,"f:314:26:314:27":12,"s:314:33:314:Infinity":103,"b:324:15:324:34:324:34:324:Infinity:325:16:345:Infinity":31,"f:335:26:335:27":13,"s:336:22:342:Infinity":104,"f:338:33:338:39":14,"s:338:39:338:Infinity":105,"b:348:15:348:34:348:34:348:Infinity:349:16:353:Infinity":32,"b:359:11:359:Infinity:360:12:362:Infinity":33,"b:376:16:376:Infinity:377:16:377:Infinity:378:16:380:Infinity":34,"b:379:18:379:37:379:37:379:Infinity":35,"b:385:16:388:Infinity:
[...]
"loc":{"start":{"line":30,"column":2},"end":{"line":32,"column":null}},"type":"if","locations":[{"start":{"line":30,"column":2},"end":{"line":32,"column":null}},{"start":{},"end":{}}],"line":30},"2":{"loc":{"start":{"line":33,"column":2},"end":{"line":35,"column":null}},"type":"if","locations":[{"start":{"line":33,"column":2},"end":{"line":35,"column":null}},{"start":{},"end":{}}],"line":33},"3":{"loc":{"start":{"line":42,"column":4},"end":{"line":42,"column":null}},"type":"if","locations":[{"start":{"line":42,"column":4},"end":{"line":42,"column":null}},{"start":{},"end":{}}],"line":42},"4":{"loc":{"start":{"line":43,"column":4},"end":{"line":43,"column":null}},"type":"if","locations":[{"start":{"line":43,"column":4},"end":{"line":43,"column":null}},{"start":{},"end":{}}],"line":43},"5":{"loc":{"start":{"line":44,"column":4},"end":{"line":44,"column":null}},"type":"if","locations":[{"start":{"line":44,"column":4},"end":{"line":44,"column":null}},{"start":{},"end":{}}],"line":44},"6":{"loc":{"start":{"line":45,"column":4},"end":{"line":45,"column":null}},"type":"if","locations":[{"start":{"line":45,"column":4},"end":{"line":45,"column":null}},{"start":{},"end":{}}],"line":45},"7":{"loc":{"start":{"line":46,"column":4},"end":{"line":46,"column":null}},"type":"if","locations":[{"start":{"line":46,"column":4},"end":{"line":46,"column":null}},{"start":{},"end":{}}],"line":46},"8":{"loc":{"start":{"line":48,"column":4},"end":{"line":53,"column":null}},"type":"if","locations":[{"start":{"line":48,"column":4},"end":{"line":53,"column":null}},{"start":{},"end":{}}],"line":48},"9":{"loc":{"start":{"line":50,"column":6},"end":{"line":50,"column":null}},"type":"if","locations":[{"start":{"line":50,"column":6},"end":{"line":50,"column":null}},{"start":{},"end":{}}],"line":50},"10":{"loc":{"start":{"line":51,"column":6},"end":{"line":52,"column":null}},"type":"if","locations":[{"start":{"line":51,"column":6},"end":{"line":52,"column":null}},{"start":{},"end":{}}],"line":51},"11":{"loc":{"start":{"line":55,"column":4},"end":{"line":59,"column":null}},"type":"if","locations":[{"start":{"line":55,"column":4},"end":{"line":59,"column":null}},{"start":{},"end":{}}],"line":55},"12":{"loc":{"start":{"line":57,"column":6},"end":{"line":58,"column":null}},"type":"if","locations":[{"start":{"line":57,"column":6},"end":{"line":58,"column":null}},{"start":{},"end":{}}],"line":57},"13":{"loc":{"start":{"line":61,"column":4},"end":{"line":63,"column":null}},"type":"if","locations":[{"start":{"line":61,"column":4},"end":{"line":63,"column":null}},{"start":{},"end":{}}],"line":61},"14":{"loc":{"start":{"line":65,"column":4},"end":{"line":67,"column":null}},"type":"if","locations":[{"start":{"line":65,"column":4},"end":{"line":67,"column":null}},{"start":{},"end":{}}],"line":65},"15":{"loc":{"start":{"line":69,"column":4},"end":{"line":73,"column":null}},"type":"if","locations":[{"start":{"line":69,"column":4},"end":{"line":73,"column":null}},{"start":{},"end":{}}],"line":69},"16":{"loc":{"start":{"line":69,"column":8},"end":{"line":69,"column":49}},"type":"binary-expr","locations":[{"start":{"line":69,"column":8},"end":{"line":69,"column":24}},{"start":{"line":69,"column":24},"end":{"line":69,"column":49}}],"line":69},"17":{"loc":{"start":{"line":71,"column":15},"end":{"line":71,"column":null}},"type":"binary-expr","locations":[{"start":{"line":71,"column":15},"end":{"line":71,"column":33}},{"start":{"line":71,"column":33},"end":{"line":71,"column":null}}],"line":71}},"s":{"0":0,"1":2,"2":0,"3":0,"4":0,"5":0,"6":0,"7":0,"8":0,"9":0,"10":0,"11":0,"12":0,"13":0,"14":0,"15":0,"16":0,"17":0,"18":0,"19":0,"20":0,"21":0,"22":0,"23":0,"24":0,"25":0,"26":0,"27":0,"28":0,"29":0,"30":0,"31":0,"32":0,"33":0,"34":0,"35":0,"36":0,"37":0,"38":0,"39":0},"f":{"0":0,"1":2,"2":0,"3":0,"4":0},"b":{"0":[0,0],"1":[0,0],"2":[0,0],"3":[0,0],"4":[0,0],"5":[0,0],"6":[0,0],"7":[0,0],"8":[0,0],"9":[0,0],"10":[0,0],"11":[0,0],"12":[0,0],"13":[0,0],"14":[0,0],"15":[0,0],"16":[0,0],"17":[0,0]},"meta":{"lastBranch":18,"lastFunction":5,"lastStatement":40,"seen":{"f:3:16:3:53":0,"s:4:2:9:Infinity":0,"f:12:16:12:42":1,"s:13:2:19:Infinity":1,"f:22:16:22:38":2,"s:23:34:25:Infinity":2,"b:27:2:29:Infinity:undefined:undefined:undefined:undefined":0,"s:27:2:29:Infinity":3,"s:28:4:28:Infinity":4,"b:30:2:32:Infinity:undefined:undefined:undefined:undefined":1,"s:30:2:32:Infinity":5,"s:31:4:31:Infinity":6,"b:33:2:35:Infinity:undefined:undefined:undefined:undefined":2,"s:33:2:35:Infinity":7,"s:34:4:34:Infinity":8,"s:37:2:76:Infinity":9,"f:37:38:37:39":3,"s:38:32:40:Infinity":10,"b:42:4:42:Infinity:undefined:undefined:undefined:undefined":3,"s:42:4:42:Infinity":11,"s:42:29:42:Infinity":12,"b:43:4:43:Infinity:undefined:undefined:undefined:undefined":4,"s:43:4:43:Infinity":13,"s:43:35:43:Infinity":14,"b:44:4:44:Infinity:undefined:undefined:undefined:undefined":5,"s:44:4:44:Infinity":15,"s:44:27:44:Infinity":16,"b:45:4:45:Infinity:undefined:undefined:undefined:undefined":6,"s:45:4:45:Infinity":17,"s:45:35:45:Infinity":18,"b:46:4:46:Infinity:undefined:undefined:undefined:undefined":7,"s:46:4:46:Infinity":19,"s:46:25:46:Infinity":20,"b:48:4:53:Infinity:undefined:undefined:undefined:undefined":8,"s:48:4:53:Infinity":21,"s:49:6:49:Infinity":22,"b:50:6:50:Infinity:undefined:undefined:undefined:undefined":9,"s:50:6:50:Infinity":23,"s:50:36:50:Infinity":24,"b:51:6:52:Infinity:undefined:undefined:undefined:undefined":10,"s:51:6:52:Infinity":25,"s:52:8:52:Infinity":26,"b:55:4:59:Infinity:undefined:undefined:undefined:undefined":11,"s:55:4:59:Infinity":27,"s:56:6:56:Infinity":28,"b:57:6:58:Infinity:undefined:undefined:undefined:undefined":12,"s:57:6:58:Infinity":29,"s:58:8:58:Infinity":30,"b:61:4:63:Infinity:undefined:undefined:undefined:undefined":13,"s:61:4:63:Infinity":31,"s:62:6:62:Infinity":32,"b:65:4:67:Infinity:undefined:undefined:undefined:undefined":14,"s:65:4:67:Infinity":33,"s:66:6:66:Infinity":34,"b:69:4:73:Infinity:undefined:undefined:undefined:undefined":15,"s:69:4:73:Infinity":35,"b:69:8:69:24:69:24:69:49":16,"s:70:6:72:Infinity":36,"f:71:8:71:9":4,"s:71:15:71:Infinity":37,"b:71:15:71:33:71:33:71:Infinity":17,"s:75:4:75:Infinity":38,"s:78:2:78:Infinity":39}}}
,"C:\\Users\\cscat\\OneDrive\\Desktop\\Bot-Discord\\frontend\\src\\features\\projects\\hooks\\useCurrentProject.ts": {"path":"C:\\Users\\cscat\\OneDrive\\Desktop\\Bot-Discord\\frontend\\src\\features\\projects\\hooks\\useCurrentProject.ts","statementMap":{"0":{"start":{"line":3,"column":20},"end":{"line":3,"column":null}},"1":{"start":{"line":6,"column":51},"end":{"line":14,"column":null}},"2":{"start":{"line":8,"column":6},"end":{"line":12,"column":null}},"3":{"start":{"line":9,"column":8},"end":{"line":9,"column":null}},"4":{"start":{"line":11,"column":8},"end":{"line":11,"column":null}},"5":{"start":{"line":16,"column":2},"end":{"line":26,"column":null}},"6":{"start":{"line":17,"column":4},"end":{"line":25,"column":null}},"7":{"start":{"line":18,"column":6},"end":{"line":22,"column":null}},"8":{"start":{"line":19,"column":8},"end":{"line":19,"column":null}},"9":{"start":{"line":21,"column":8},"end":{"line":21,"column":null}},"10":{"start":{"line":28,"column":30},"end":{"line":30,"column":null}},"11":{"start":{"line":29,"column":4},"end":{"line":29,"column":null}},"12":{"start":{"line":32,"column":2},"end":{"line":35,"column":null}}},"fnMap":{"0":{"name":"useCurrentProject","decl":{"start":{"line":5,"column":16},"end":{"line":5,"column":36}},"loc":{"start":{"line":5,"column":36},"end":{"line":36,"column":null}},"line":5},"1":{"name":"(anonymous_1)","decl":{"start":{"line":7,"column":4},"end":{"line":7,"column":10}},"loc":{"start":{"line":7,"column":10},"end":{"line":13,"column":null}},"line":7},"2":{"name":"(anonymous_2)","decl":{"start":{"line":16,"column":12},"end":{"line":16,"column":18}},"loc":{"start":{"line":16,"column":18},"end":{"line":26,"column":5}},"line":16},"3":{"name":"(anonymous_3)","decl":{"start":{"line":28,"column":30},"end":{"line":28,"column":31}},"loc":{"start":{"line":28,"column":53},"end":{"line":30,"column":null}},"line":28}},"branchMap":{"0":{"loc":{"start":{"line":18,"column":6},"end":{"line":22,"column":null}},"type":"if","locations":[{"start":{"line":18,"column":6},"end":{"line":22,"column":null}},{"start":{"line":20,"column":13},"end":{"line":22,"column":null}}],"line":18}},"s":{"0":1,"1":0,"2":0,"3":0,"4":0,"5":0,"6":0,"7":0,"8":0,"9":0,"10":0,"11":0,"12":0},"f":{"0":0,"1":0,"2":0,"3":0},"b":{"0":[0,0]},"meta":{"lastBranch":1,"lastFunction":4,"lastStatement":13,"seen":{"s:3:20:3:Infinity":0,"f:5:16:5:36":0,"s:6:51:14:Infinity":1,"f:7:4:7:10":1,"s:8:6:12:Infinity":2,"s:9:8:9:Infinity":3,"s:11:8:11:Infinity":4,"s:16:2:26:Infinity":5,"f:16:12:16:18":2,"s:17:4:25:Infinity":6,"b:18:6:22:Infinity:20:13:22:Infinity":0,"s:18:6:22:Infinity":7,"s:19:8:19:Infinity":8,"s:21:8:21:Infinity":9,"s:28:30:30:Infinity":10,"f:28:30:28:31":3,"s:29:4:29:Infinity":11,"s:32:2:35:Infinity":12}}}
,"C:\\Users\\cscat\\OneDrive\\Desktop\\Bot-Discord\\frontend\\src\\features\\projects\\hooks\\useProjects.ts": {"path":"C:\\Users\\cscat\\OneDrive\\Desktop\\Bot-Discord\\frontend\\src\\features\\projects\\hooks\\useProjects.ts","statementMap":{"0":{"start":{"line":6,"column":30},"end":{"line":6,"column":null}},"1":{"start":{"line":7,"column":28},"end":{"line":7,"column":null}},"2":{"start":{"line":9,"column":8},"end":{"line":18,"column":null}},"3":{"start":{"line":10,"column":4},"end":{"line":17,"column":null}},"4":{"start":{"line":11,"column":19},"end":{"line":11,"column":null}},"5":{"start":{"line":12,"column":6},"end":{"line":12,"column":null}},"6":{"start":{"line":14,"column":6},"end":{"line":14,"column":null}},"7":{"start":{"line":16,"column":6},"end":{"line":16,"column":null}},"8":{"start":{"line":20,"column":2},"end":{"line":22,"column":null}},"9":{"start":{"line":21,"column":4},"end":{"line":21,"column":null}},"10":{"start":{"line":24,"column":8},"end":{"line":36,"column":null}},"11":{"start":{"line":26,"column":6},"end":{"line":33,"column":null}},"12":{"start":{"line":27,"column":24},"end":{"line":27,"column":null}},"13":{"start":{"line":28,"column":8},"end":{"line":28,"column":null}},"14":{"start":{"line":28,"column":30},"end":{"line":28,"column":48}},"15":{"start":{"line":29,"column":8},"end":{"line":29,"column":null}},"16":{"start":{"line":31,"column":8},"end":{"line":31,"column":null}},"17":{"start":{"line":32,"column":8},"end":{"line":32,"column":null}},"18":{"start":{"line":38,"column":8},"end":{"line":52,"column":null}},"19":{"start":{"line":40,"column":6},"end":{"line":49,"column":null}},"20":{"start":{"line":41,"column":8},"end":{"line":41,"column":null}},"21":{"start":{"line":42,"column":8},"end":{"line":46,"column":null}},"22":{"start":{"line":43,"column":10},"end":{"line":45,"column":null}},"23":{"start":{"line":44,"column":12},"end":{"line":44,"column":null}},"24":{"start":{"line":48,"column":8},"end":{"line":48,"column":null}},"25":{"start":{"line":54,"column":8},"end":{"line":61,"column":null}},"26":{"start":{"line":55,"column":4},"end":{"line":60,"column":null}},"27":{"start":{"line":56,"column":6},"end":{"line":56,"column":null}},"28":{"start":{"line":57,"column":6},"end":{"line":57,"column":null}},"29":{"start":{"line":57,"column":28},"end":{"line":57,"column":59}},"30":{"start":{"line":57,"column":47},"end":{"line":57,"column":58}},"31":{"start":{"line":59,"column":6},"end":{"line":59,"column":null}},"32":{"start":{"line":63,"column":8},"end":{"line":77,"column":null}},"33":{"start":{"line":65,"column":6},"end":{"line":74,"column":null}},"34":{"start":{"line":66,"column":26},"end":{"line":66,"column":null}},"35":{"start":{"line":67,"column":8},"end":{"line":69,"column":null}},"36":{"start":{"line":68,"column":10},"end":{"line":68,"column":null}},"37":{"start":{"line":68,"column":32},"end":{"line":68,"column":52}},"38":{"start":{"line":70,"column":8},"end":{"line":70,"column":null}},"39":{"start":{"line":72,"column":8},"end":{"line":72,"column":null}},"40":{"start":{"line":73,"column":8},"end":{"line":73,"column":null}},"41":{"start":{"line":79,"column":2},"end":{"line":87,"column":null}}},"fnMap":{"0":{"name":"useProjects","decl":{"start":{"line":5,"column":16},"end":{"line":5,"column":30}},"loc":{"start":{"line":5,"column":30},"end":{"line":88,"column":null}},"line":5},"1":{"name":"(anonymous_1)","decl":{"start":{"line":9,"column":35},"end":{"line":9,"column":47}},"loc":{"start":{"line":9,"column":47},"end":{"line":18,"column":5}},"line":9},"2":{"name":"(anonymous_2)","decl":{"start":{"line":20,"column":12},"end":{"line":20,"column":18}},"loc":{"start":{"line":20,"column":18},"end":{"line":22,"column":5}},"line":20},"3":{"name":"(anonymous_3)","decl":{"start":{"line":25,"column":4},"end":{"line":25,"column":11}},"loc":{"start":{"line":25,"column":58},"end":{"line":34,"column":null}},"line":25},"4":{"name":"(anonymous_4)","decl":{"start":{"line":28,"column":20},"end":{"line":28,"column":21}},"loc":{"start":{"line":28,"column":30},"end":{"line":28,"column":48}},"line":28},"5":{"name":"(anonymous_5)","decl":{"start":{"line":39,"column":4},"end":{"line":39,"column":11}},"loc":{"start":{"line":39,"column":65},"end":{"line":50,"column":null}},"line":39},"6":{"name":"(anonymous_6)","decl":{"start":{"line":42,"column":20},"end":{"line":42,"column":21}},"loc":{"start":{"line":43,"column":10},"end":{"line":45,"column":null}},"line":43},"7":{"name":"(anonymous_7)","decl":{"start":{"line":43,"column":19},"end":{"line":43,"column":20}},"loc":{"start":{"line":44,"column":12},"end":{"line":44,"column":null}},"line":44},"8":{"name":"(anonymous_8)","decl":{"start":{"line":54,"column":36},"end":{"line":54,"column":43}},"loc":{"start":{"line":54,"column":73},"end":{"line":61,"column":5}},"line":54},"9":{"name":"(anonymous_9)","decl":{"start":{"line":57,"column":18},"end":{"line":57,"column":19}},"loc":{"start":{"line":57,"column":28},"end":{"line":57,"column":59}},"line":57},"10":{"name":"(anonymous_10)","decl":{"start":{"line":57,"column":40},"end":{"line":57,"column":41}},"loc":{"start":{"line":57,"column":47},"end":{"line":57,"column":58}},"line":57},"11":{"name":"(anonymous_11)","decl":{"start":{"line":64,"column":4},"end":{"line":64,"column":11}},"loc":{"start":{"line":64,"column":56},"end":{"line":75,"column":null}},"line":64},"12":{"name":"(anonymous_12)","decl":{"start":{"line":68,"column":22},"end":{"line":68,"column":23}},"loc":{"start":{"line":68,"column":32},"end":{"line":68,"column":52}},"line":68}},"branchMap":{"0":{"loc":{"start":{"line":44,"column":12},"end":{"line":44,"column":null}},"type":"cond-expr","locations":[{"start":{"line":44,"column":26},"end":{"line":44,"column":72}},{"start":{"line":44,"column":72},"end":{"line":44,"column":null}}],"line":44},"1":{"loc":{"start":{"line":67,"column":8},"end":{"line":69,"column":null}},"type":"if","locations":[{"start":{"line":67,"column":8},"end":{"line":69,"column":null}},{"start":{},"end":{}}],"line":67}},"s":{"0":0,"1":0,"2":0,"3":0,"4":0,"5":0,"6":0,"7":0,"8":0,"9":0,"10":0,"11":0,"12":0,"13":0,"14":0,"15":0,"16":0,"17":0,"18":0,"19":0,"20":0,"21":0,"22":0,"23":0,"24":0,"25":0,"26":0,"27":0,"28":0,"29":0,"30":0,"31":0,"32":0,"33":0,"34":0,"35":0,"36":0,"37":0,"38":0,"39":0,"40":0,"41":0},"f":{"0":0,"1":0,"2":0,"3":0,"4":0,"5":0,"6":0,"7":0,"8":0,"9":0,"10":0,"11":0,"12":0},"b":{"0":[0,0],"1":[0,0]},"meta":{"lastBranch":2,"lastFunction":13,"lastStatement":42,"seen":{"f:5:16:5:30":0,"s:6:30:6:Infinity":0,"s:7:28:7:Infinity":1,"s:9:8:18:Infinity":2,"f:9:35:9:47":1,"s:10:4:17:Infinity":3,"s:11:19:11:Infinity":4,"s:12:6:12:Infinity":5,"s:14:6:14:Infinity":6,"s:16:6:16:Infinity":7,"s:20:2:22:Infinity":8,"f:20:12:20:18":2,"s:21:4:21:Infinity":9,"s:24:8:36:Infinity":10,"f:25:4:25:11":3,"s:26:6:33:Infinity":11,"s:27:24:27:Infinity":12,"s:28:8:28:Infinity":13,"f:28:20:28:21":4,"s:28:30:28:48":14,"s:29:8:29:Infinity":15,"s:31:8:31:Infinity":16,"s:32:8:32:Infinity":17,"s:38:8:52:Infinity":18,"f:39:4:39:11":5,"s:40:6:49:Infinity":19,"s:41:8:41:Infinity":20,"s:42:8:46:Infinity":21,"f:42:20:42:21":6,"s:43:10:45:Infinity":22,"f:43:19:43:20":7,"s:44:12:44:Infinity":23,"b:44:26:44:72:44:72:44:Infinity":0,"s:48:8:48:Infinity":24,"s:54:8:61:Infinity":25,"f:54:36:54:43":8,"s:55:4:60:Infinity":26,"s:56:6:56:Infinity":27,"s:57:6:57:Infinity":28,"f:57:18:57:19":9,"s:57:28:57:59":29,"f:57:40:57:41":10,"s:57:47:57:58":30,"s:59:6:59:Infinity":31,"s:63:8:77:Infinity":32,"f:64:4:64:11":11,"s:65:6:74:Infinity":33,"s:66:26:66:Infinity":34,"b:67:8:69:Infinity:undefined:undefined:undefined:undefined":1,"s:67:8:69:Infinity":35,"s:68:10:68:Infinity":36,"f:68:22:68:23":12,"s:68:32:68:52":37,"s:70:8:70:Infinity":38,"s:72:8:72:Infinity":39,"s:73:8:73:Infinity":40,"s:79:2:87:Infinity":41}}}
,"C:\\Users\\cscat\\OneDrive\\Desktop\\Bot-Discord\\frontend\\src\\hooks\\useBotInfo.ts": {"path":"C:\\Users\\cscat\\OneDrive\\Desktop\\Bot-Discord\\frontend\\src\\hooks\\useBotInfo.ts","statementMap":{"0":{"start":{"line":5,"column":28},"end":{"line":5,"column":null}},"1":{"start":{"line":6,"column":42},"end":{"line":6,"column":null}},"2":{"start":{"line":8,"column":18},"end":{"line":10,"column":null}},"3":{"start":{"line":9,"column":4},"end":{"line":9,"column":null}},"4":{"start":{"line":9,"column":32},"end":{"line":9,"column":40}},"5":{"start":{"line":12,"column":2},"end":{"line":25,"column":null}},"6":{"start":{"line":13,"column":20},"end":{"line":13,"column":null}},"7":{"start":{"line":14,"column":4},"end":{"line":21,"column":null}},"8":{"start":{"line":17,"column":8},"end":{"line":17,"column":null}},"9":{"start":{"line":17,"column":24},"end":{"line":17,"column":null}},"10":{"start":{"line":22,"column":4},"end":{"line":24,"column":null}},"11":{"start":{"line":23,"column":6},"end":{"line":23,"column":null}},"12":{"start":{"line":27,"column":2},"end":{"line":27,"column":null}}},"fnMap":{"0":{"name":"useBotInfo","decl":{"start":{"line":4,"column":16},"end":{"line":4,"column":29}},"loc":{"start":{"line":4,"column":29},"end":{"line":28,"column":null}},"line":4},"1":{"name":"(anonymous_1)","decl":{"start":{"line":8,"column":18},"end":{"line":8,"column":24}},"loc":{"start":{"line":8,"column":24},"end":{"line":10,"column":null}},"line":8},"2":{"name":"(anonymous_2)","decl":{"start":{"line":9,"column":22},"end":{"line":9,"column":23}},"loc":{"start":{"line":9,"column":32},"end":{"line":9,"column":40}},"line":9},"3":{"name":"(anonymous_3)","decl":{"start":{"line":12,"column":12},"end":{"line":12,"column":18}},"loc":{"start":{"line":12,"column":18},"end":{"line":25,"column":5}},"line":12},"4":{"name":"(anonymous_4)","decl":{"start":{"line":16,"column":12},"end":{"line":16,"column":13}},"loc":{"start":{"line":16,"column":22},"end":{"line":18,"column":7}},"line":16},"5":{"name":"(anonymous_5)","decl":{"start":{"line":19,"column":13},"end":{"line":19,"column":19}},"loc":{"start":{"line":19,"column":19},"end":{"line":21,"column":7}},"line":19},"6":{"name":"(anonymous_6)","decl":{"start":{"line":22,"column":11},"end":{"line":22,"column":17}},"loc":{"start":{"line":22,"column":17},"end":{"line":24,"column":null}},"line":22}},"branchMap":{"0":{"loc":{"start":{"line":17,"column":8},"end":{"line":17,"column":null}},"type":"if","locations":[{"start":{"line":17,"column":8},"end":{"line":17,"column":null}},{"start":{},"end":{}}],"line":17}},"s":{"0":0,"1":0,"2":0,"3":0,"4":0,"5":0,"6":0,"7":0,"8":0,"9":0,"10":0,"11":0,"12":0},"f":{"0":0,"1":0,"2":0,"3":0,"4":0,"5":0,"6":0},"b":{"0":[0,0]},"meta":{"lastBranch":1,"lastFunction":7,"lastStatement":13,"seen":{"f:4:16:4:29":0,"s:5:28:5:Infinity":0,"s:6:42:6:Infinity":1,"s:8:18:10:Infinity":2,"f:8:18:8:24":1,"s:9:4:9:Infinity":3,"f:9:22:9:23":2,"s:9:32:9:40":4,"s:12:2:25:Infinity":5,"f:12:12:12:18":3,"s:13:20:13:Infinity":6,"s:14:4:21:Infinity":7,"f:16:12:16:13":4,"b:17:8:17:Infinity:undefined:undefined:undefined:undefined":0,"s:17:8:17:Infinity":8,"s:17:24:17:Infinity":9,"f:19:13:19:19":5,"s:22:4:24:Infinity":10,"f:22:11:22:17":6,"s:23:6:23:Infinity":11,"s:27:2:27:Infinity":12}}}
}
